bash: /opt/conda/lib/libtinfo.so.6: no version information available (required by bash)
==========================================
DeepGBM SMOTENC CTGAN10000 파일 실행 시작
시작 시간: 2026-01-07 19:45:23
GPU: 1번 (CUDA_VISIBLE_DEVICES=1)
==========================================

----------------------------------------
실행 중: deepgbm_smotenc_ctgan10000/deepgbm_smotenc_ctgan10000_seoul.py
시작 시간: 2026-01-07 19:45:23
----------------------------------------
[I 2026-01-07 19:45:24,475] A new study created in memory with name: no-name-0a2946b3-d5d9-4a88-829a-bd251293f10a
  Fold 1 - 클래스별 가중치: {0: 1.2087619047619047, 1: 1.0665546218487394, 2: 0.8096453176830825} (클래스별 샘플 수: {0: 10500, 1: 11900, 2: 15676})
  Fold 2 - 클래스별 가중치: {0: 1.207079365079365, 1: 1.0832763532763532, 2: 0.8010069729718342} (클래스별 샘플 수: {0: 10500, 1: 11700, 2: 15823})
  Fold 3 - 클래스별 가중치: {0: 1.2086666666666666, 1: 1.0847008547008548, 2: 0.7995337995337995} (클래스별 샘플 수: {0: 10500, 1: 11700, 2: 15873})
[I 2026-01-07 19:47:00,500] Trial 0 finished with value: 0.4462246040074631 and parameters: {'d_main': 160, 'd_hidden': 128, 'n_blocks': 3, 'dropout': 0.3571951083830718, 'lr': 1.7058114405436603e-05, 'weight_decay': 0.00010550856042321292, 'batch_size': 256}. Best is trial 0 with value: 0.4462246040074631.

================================================================================
Trial 0 완료
  Value (CSI): 0.446225
  Parameters: {'d_main': 160, 'd_hidden': 128, 'n_blocks': 3, 'dropout': 0.3571951083830718, 'lr': 1.7058114405436603e-05, 'weight_decay': 0.00010550856042321292, 'batch_size': 256}
  Best Value (CSI): 0.446225
  Best Trial: 0
  Best Parameters: {'d_main': 160, 'd_hidden': 128, 'n_blocks': 3, 'dropout': 0.3571951083830718, 'lr': 1.7058114405436603e-05, 'weight_decay': 0.00010550856042321292, 'batch_size': 256}
================================================================================

  Fold 1 - 클래스별 가중치: {0: 1.2087619047619047, 1: 1.0665546218487394, 2: 0.8096453176830825} (클래스별 샘플 수: {0: 10500, 1: 11900, 2: 15676})
  Fold 2 - 클래스별 가중치: {0: 1.207079365079365, 1: 1.0832763532763532, 2: 0.8010069729718342} (클래스별 샘플 수: {0: 10500, 1: 11700, 2: 15823})
  Fold 3 - 클래스별 가중치: {0: 1.2086666666666666, 1: 1.0847008547008548, 2: 0.7995337995337995} (클래스별 샘플 수: {0: 10500, 1: 11700, 2: 15873})
[I 2026-01-07 19:47:52,404] Trial 1 finished with value: 0.4972977240763261 and parameters: {'d_main': 256, 'd_hidden': 64, 'n_blocks': 6, 'dropout': 0.30131168851654455, 'lr': 0.0012202609552613008, 'weight_decay': 0.005262790309225853, 'batch_size': 128}. Best is trial 1 with value: 0.4972977240763261.

================================================================================
Trial 1 완료
  Value (CSI): 0.497298
  Parameters: {'d_main': 256, 'd_hidden': 64, 'n_blocks': 6, 'dropout': 0.30131168851654455, 'lr': 0.0012202609552613008, 'weight_decay': 0.005262790309225853, 'batch_size': 128}
  Best Value (CSI): 0.497298
  Best Trial: 1
  Best Parameters: {'d_main': 256, 'd_hidden': 64, 'n_blocks': 6, 'dropout': 0.30131168851654455, 'lr': 0.0012202609552613008, 'weight_decay': 0.005262790309225853, 'batch_size': 128}
================================================================================

  Fold 1 - 클래스별 가중치: {0: 1.2087619047619047, 1: 1.0665546218487394, 2: 0.8096453176830825} (클래스별 샘플 수: {0: 10500, 1: 11900, 2: 15676})
  Fold 2 - 클래스별 가중치: {0: 1.207079365079365, 1: 1.0832763532763532, 2: 0.8010069729718342} (클래스별 샘플 수: {0: 10500, 1: 11700, 2: 15823})
  Fold 3 - 클래스별 가중치: {0: 1.2086666666666666, 1: 1.0847008547008548, 2: 0.7995337995337995} (클래스별 샘플 수: {0: 10500, 1: 11700, 2: 15873})
[I 2026-01-07 19:48:48,429] Trial 2 finished with value: 0.448904651447723 and parameters: {'d_main': 224, 'd_hidden': 64, 'n_blocks': 5, 'dropout': 0.3088220237089325, 'lr': 4.537318655170785e-05, 'weight_decay': 0.09620650079377595, 'batch_size': 256}. Best is trial 1 with value: 0.4972977240763261.

================================================================================
Trial 2 완료
  Value (CSI): 0.448905
  Parameters: {'d_main': 224, 'd_hidden': 64, 'n_blocks': 5, 'dropout': 0.3088220237089325, 'lr': 4.537318655170785e-05, 'weight_decay': 0.09620650079377595, 'batch_size': 256}
  Best Value (CSI): 0.497298
  Best Trial: 1
  Best Parameters: {'d_main': 256, 'd_hidden': 64, 'n_blocks': 6, 'dropout': 0.30131168851654455, 'lr': 0.0012202609552613008, 'weight_decay': 0.005262790309225853, 'batch_size': 128}
================================================================================

  Fold 1 - 클래스별 가중치: {0: 1.2087619047619047, 1: 1.0665546218487394, 2: 0.8096453176830825} (클래스별 샘플 수: {0: 10500, 1: 11900, 2: 15676})
  Fold 2 - 클래스별 가중치: {0: 1.207079365079365, 1: 1.0832763532763532, 2: 0.8010069729718342} (클래스별 샘플 수: {0: 10500, 1: 11700, 2: 15823})
  Fold 3 - 클래스별 가중치: {0: 1.2086666666666666, 1: 1.0847008547008548, 2: 0.7995337995337995} (클래스별 샘플 수: {0: 10500, 1: 11700, 2: 15873})
[I 2026-01-07 19:50:20,797] Trial 3 finished with value: 0.45609490457172724 and parameters: {'d_main': 96, 'd_hidden': 64, 'n_blocks': 5, 'dropout': 0.33548873933409645, 'lr': 9.102166704468925e-05, 'weight_decay': 0.00013063099791823642, 'batch_size': 64}. Best is trial 1 with value: 0.4972977240763261.

================================================================================
Trial 3 완료
  Value (CSI): 0.456095
  Parameters: {'d_main': 96, 'd_hidden': 64, 'n_blocks': 5, 'dropout': 0.33548873933409645, 'lr': 9.102166704468925e-05, 'weight_decay': 0.00013063099791823642, 'batch_size': 64}
  Best Value (CSI): 0.497298
  Best Trial: 1
  Best Parameters: {'d_main': 256, 'd_hidden': 64, 'n_blocks': 6, 'dropout': 0.30131168851654455, 'lr': 0.0012202609552613008, 'weight_decay': 0.005262790309225853, 'batch_size': 128}
================================================================================

  Fold 1 - 클래스별 가중치: {0: 1.2087619047619047, 1: 1.0665546218487394, 2: 0.8096453176830825} (클래스별 샘플 수: {0: 10500, 1: 11900, 2: 15676})
  Fold 2 - 클래스별 가중치: {0: 1.207079365079365, 1: 1.0832763532763532, 2: 0.8010069729718342} (클래스별 샘플 수: {0: 10500, 1: 11700, 2: 15823})
  Fold 3 - 클래스별 가중치: {0: 1.2086666666666666, 1: 1.0847008547008548, 2: 0.7995337995337995} (클래스별 샘플 수: {0: 10500, 1: 11700, 2: 15873})
[I 2026-01-07 19:51:30,601] Trial 4 finished with value: 0.5089602739358579 and parameters: {'d_main': 224, 'd_hidden': 256, 'n_blocks': 5, 'dropout': 0.2915735782226138, 'lr': 0.001142673151328996, 'weight_decay': 0.0011089362063228616, 'batch_size': 64}. Best is trial 4 with value: 0.5089602739358579.

================================================================================
Trial 4 완료
  Value (CSI): 0.508960
  Parameters: {'d_main': 224, 'd_hidden': 256, 'n_blocks': 5, 'dropout': 0.2915735782226138, 'lr': 0.001142673151328996, 'weight_decay': 0.0011089362063228616, 'batch_size': 64}
  Best Value (CSI): 0.508960
  Best Trial: 4
  Best Parameters: {'d_main': 224, 'd_hidden': 256, 'n_blocks': 5, 'dropout': 0.2915735782226138, 'lr': 0.001142673151328996, 'weight_decay': 0.0011089362063228616, 'batch_size': 64}
================================================================================

  Fold 1 - 클래스별 가중치: {0: 1.2087619047619047, 1: 1.0665546218487394, 2: 0.8096453176830825} (클래스별 샘플 수: {0: 10500, 1: 11900, 2: 15676})
[I 2026-01-07 19:51:46,989] Trial 5 pruned. 

================================================================================
Trial 5 완료
  Value (CSI): 0.327795
  Parameters: {'d_main': 224, 'd_hidden': 256, 'n_blocks': 3, 'dropout': 0.27415734583871126, 'lr': 1.2556467523722029e-05, 'weight_decay': 0.005026898305911533, 'batch_size': 32}
  Best Value (CSI): 0.508960
  Best Trial: 4
  Best Parameters: {'d_main': 224, 'd_hidden': 256, 'n_blocks': 5, 'dropout': 0.2915735782226138, 'lr': 0.001142673151328996, 'weight_decay': 0.0011089362063228616, 'batch_size': 64}
================================================================================

  Fold 1 - 클래스별 가중치: {0: 1.2087619047619047, 1: 1.0665546218487394, 2: 0.8096453176830825} (클래스별 샘플 수: {0: 10500, 1: 11900, 2: 15676})
[I 2026-01-07 19:51:52,134] Trial 6 pruned. 

================================================================================
Trial 6 완료
  Value (CSI): 0.329025
  Parameters: {'d_main': 256, 'd_hidden': 192, 'n_blocks': 6, 'dropout': 0.3624697011096252, 'lr': 2.8361122640691526e-05, 'weight_decay': 0.0003481192671631293, 'batch_size': 256}
  Best Value (CSI): 0.508960
  Best Trial: 4
  Best Parameters: {'d_main': 224, 'd_hidden': 256, 'n_blocks': 5, 'dropout': 0.2915735782226138, 'lr': 0.001142673151328996, 'weight_decay': 0.0011089362063228616, 'batch_size': 64}
================================================================================

  Fold 1 - 클래스별 가중치: {0: 1.2087619047619047, 1: 1.0665546218487394, 2: 0.8096453176830825} (클래스별 샘플 수: {0: 10500, 1: 11900, 2: 15676})
  Fold 2 - 클래스별 가중치: {0: 1.207079365079365, 1: 1.0832763532763532, 2: 0.8010069729718342} (클래스별 샘플 수: {0: 10500, 1: 11700, 2: 15823})
  Fold 3 - 클래스별 가중치: {0: 1.2086666666666666, 1: 1.0847008547008548, 2: 0.7995337995337995} (클래스별 샘플 수: {0: 10500, 1: 11700, 2: 15873})
[I 2026-01-07 19:52:37,919] Trial 7 finished with value: 0.45165300684349935 and parameters: {'d_main': 256, 'd_hidden': 256, 'n_blocks': 6, 'dropout': 0.1807998328869967, 'lr': 0.00014641660048406817, 'weight_decay': 0.00014367868861081635, 'batch_size': 128}. Best is trial 4 with value: 0.5089602739358579.

================================================================================
Trial 7 완료
  Value (CSI): 0.451653
  Parameters: {'d_main': 256, 'd_hidden': 256, 'n_blocks': 6, 'dropout': 0.1807998328869967, 'lr': 0.00014641660048406817, 'weight_decay': 0.00014367868861081635, 'batch_size': 128}
  Best Value (CSI): 0.508960
  Best Trial: 4
  Best Parameters: {'d_main': 224, 'd_hidden': 256, 'n_blocks': 5, 'dropout': 0.2915735782226138, 'lr': 0.001142673151328996, 'weight_decay': 0.0011089362063228616, 'batch_size': 64}
================================================================================

  Fold 1 - 클래스별 가중치: {0: 1.2087619047619047, 1: 1.0665546218487394, 2: 0.8096453176830825} (클래스별 샘플 수: {0: 10500, 1: 11900, 2: 15676})
[I 2026-01-07 19:52:57,250] Trial 8 pruned. 

================================================================================
Trial 8 완료
  Value (CSI): 0.392357
  Parameters: {'d_main': 160, 'd_hidden': 192, 'n_blocks': 4, 'dropout': 0.36187050353584405, 'lr': 0.00021626295212535623, 'weight_decay': 0.0010021111986479756, 'batch_size': 64}
  Best Value (CSI): 0.508960
  Best Trial: 4
  Best Parameters: {'d_main': 224, 'd_hidden': 256, 'n_blocks': 5, 'dropout': 0.2915735782226138, 'lr': 0.001142673151328996, 'weight_decay': 0.0011089362063228616, 'batch_size': 64}
================================================================================

  Fold 1 - 클래스별 가중치: {0: 1.2087619047619047, 1: 1.0665546218487394, 2: 0.8096453176830825} (클래스별 샘플 수: {0: 10500, 1: 11900, 2: 15676})
  Fold 2 - 클래스별 가중치: {0: 1.207079365079365, 1: 1.0832763532763532, 2: 0.8010069729718342} (클래스별 샘플 수: {0: 10500, 1: 11700, 2: 15823})
  Fold 3 - 클래스별 가중치: {0: 1.2086666666666666, 1: 1.0847008547008548, 2: 0.7995337995337995} (클래스별 샘플 수: {0: 10500, 1: 11700, 2: 15873})
[I 2026-01-07 19:53:30,007] Trial 9 finished with value: 0.5145034608269207 and parameters: {'d_main': 224, 'd_hidden': 64, 'n_blocks': 2, 'dropout': 0.35457770784958176, 'lr': 0.002109390342048332, 'weight_decay': 0.0002765999652124042, 'batch_size': 256}. Best is trial 9 with value: 0.5145034608269207.

================================================================================
Trial 9 완료
  Value (CSI): 0.514503
  Parameters: {'d_main': 224, 'd_hidden': 64, 'n_blocks': 2, 'dropout': 0.35457770784958176, 'lr': 0.002109390342048332, 'weight_decay': 0.0002765999652124042, 'batch_size': 256}
  Best Value (CSI): 0.514503
  Best Trial: 9
  Best Parameters: {'d_main': 224, 'd_hidden': 64, 'n_blocks': 2, 'dropout': 0.35457770784958176, 'lr': 0.002109390342048332, 'weight_decay': 0.0002765999652124042, 'batch_size': 256}
================================================================================

  Fold 1 - 클래스별 가중치: {0: 1.2087619047619047, 1: 1.0665546218487394, 2: 0.8096453176830825} (클래스별 샘플 수: {0: 10500, 1: 11900, 2: 15676})
  Fold 2 - 클래스별 가중치: {0: 1.207079365079365, 1: 1.0832763532763532, 2: 0.8010069729718342} (클래스별 샘플 수: {0: 10500, 1: 11700, 2: 15823})
  Fold 3 - 클래스별 가중치: {0: 1.2086666666666666, 1: 1.0847008547008548, 2: 0.7995337995337995} (클래스별 샘플 수: {0: 10500, 1: 11700, 2: 15873})
[I 2026-01-07 19:54:00,171] Trial 10 finished with value: 0.5434051476842857 and parameters: {'d_main': 64, 'd_hidden': 128, 'n_blocks': 2, 'dropout': 0.3988122259483736, 'lr': 0.00974174085078285, 'weight_decay': 0.0005585256291191698, 'batch_size': 256}. Best is trial 10 with value: 0.5434051476842857.

================================================================================
Trial 10 완료
  Value (CSI): 0.543405
  Parameters: {'d_main': 64, 'd_hidden': 128, 'n_blocks': 2, 'dropout': 0.3988122259483736, 'lr': 0.00974174085078285, 'weight_decay': 0.0005585256291191698, 'batch_size': 256}
  Best Value (CSI): 0.543405
  Best Trial: 10
  Best Parameters: {'d_main': 64, 'd_hidden': 128, 'n_blocks': 2, 'dropout': 0.3988122259483736, 'lr': 0.00974174085078285, 'weight_decay': 0.0005585256291191698, 'batch_size': 256}
================================================================================

  Fold 1 - 클래스별 가중치: {0: 1.2087619047619047, 1: 1.0665546218487394, 2: 0.8096453176830825} (클래스별 샘플 수: {0: 10500, 1: 11900, 2: 15676})
  Fold 2 - 클래스별 가중치: {0: 1.207079365079365, 1: 1.0832763532763532, 2: 0.8010069729718342} (클래스별 샘플 수: {0: 10500, 1: 11700, 2: 15823})
  Fold 3 - 클래스별 가중치: {0: 1.2086666666666666, 1: 1.0847008547008548, 2: 0.7995337995337995} (클래스별 샘플 수: {0: 10500, 1: 11700, 2: 15873})
[I 2026-01-07 19:54:24,674] Trial 11 finished with value: 0.5306227170379486 and parameters: {'d_main': 64, 'd_hidden': 128, 'n_blocks': 2, 'dropout': 0.3939227847659803, 'lr': 0.008999449147292478, 'weight_decay': 0.0005618228224207076, 'batch_size': 256}. Best is trial 10 with value: 0.5434051476842857.

================================================================================
Trial 11 완료
  Value (CSI): 0.530623
  Parameters: {'d_main': 64, 'd_hidden': 128, 'n_blocks': 2, 'dropout': 0.3939227847659803, 'lr': 0.008999449147292478, 'weight_decay': 0.0005618228224207076, 'batch_size': 256}
  Best Value (CSI): 0.543405
  Best Trial: 10
  Best Parameters: {'d_main': 64, 'd_hidden': 128, 'n_blocks': 2, 'dropout': 0.3988122259483736, 'lr': 0.00974174085078285, 'weight_decay': 0.0005585256291191698, 'batch_size': 256}
================================================================================

  Fold 1 - 클래스별 가중치: {0: 1.2087619047619047, 1: 1.0665546218487394, 2: 0.8096453176830825} (클래스별 샘플 수: {0: 10500, 1: 11900, 2: 15676})
  Fold 2 - 클래스별 가중치: {0: 1.207079365079365, 1: 1.0832763532763532, 2: 0.8010069729718342} (클래스별 샘플 수: {0: 10500, 1: 11700, 2: 15823})
  Fold 3 - 클래스별 가중치: {0: 1.2086666666666666, 1: 1.0847008547008548, 2: 0.7995337995337995} (클래스별 샘플 수: {0: 10500, 1: 11700, 2: 15873})
[I 2026-01-07 19:54:47,211] Trial 12 finished with value: 0.5354682184703194 and parameters: {'d_main': 64, 'd_hidden': 128, 'n_blocks': 2, 'dropout': 0.39648591558911916, 'lr': 0.009873667173109606, 'weight_decay': 0.0008500291333609508, 'batch_size': 256}. Best is trial 10 with value: 0.5434051476842857.

================================================================================
Trial 12 완료
  Value (CSI): 0.535468
  Parameters: {'d_main': 64, 'd_hidden': 128, 'n_blocks': 2, 'dropout': 0.39648591558911916, 'lr': 0.009873667173109606, 'weight_decay': 0.0008500291333609508, 'batch_size': 256}
  Best Value (CSI): 0.543405
  Best Trial: 10
  Best Parameters: {'d_main': 64, 'd_hidden': 128, 'n_blocks': 2, 'dropout': 0.3988122259483736, 'lr': 0.00974174085078285, 'weight_decay': 0.0005585256291191698, 'batch_size': 256}
================================================================================

  Fold 1 - 클래스별 가중치: {0: 1.2087619047619047, 1: 1.0665546218487394, 2: 0.8096453176830825} (클래스별 샘플 수: {0: 10500, 1: 11900, 2: 15676})
[I 2026-01-07 19:55:03,422] Trial 13 pruned. 

================================================================================
Trial 13 완료
  Value (CSI): 0.343570
  Parameters: {'d_main': 64, 'd_hidden': 128, 'n_blocks': 3, 'dropout': 0.3971197317075378, 'lr': 0.009360054737485343, 'weight_decay': 0.0017351662798656615, 'batch_size': 32}
  Best Value (CSI): 0.543405
  Best Trial: 10
  Best Parameters: {'d_main': 64, 'd_hidden': 128, 'n_blocks': 2, 'dropout': 0.3988122259483736, 'lr': 0.00974174085078285, 'weight_decay': 0.0005585256291191698, 'batch_size': 256}
================================================================================

  Fold 1 - 클래스별 가중치: {0: 1.2087619047619047, 1: 1.0665546218487394, 2: 0.8096453176830825} (클래스별 샘플 수: {0: 10500, 1: 11900, 2: 15676})
[I 2026-01-07 19:55:11,353] Trial 14 pruned. 

================================================================================
Trial 14 완료
  Value (CSI): 0.430876
  Parameters: {'d_main': 96, 'd_hidden': 192, 'n_blocks': 2, 'dropout': 0.23281970843172337, 'lr': 0.00468743585075998, 'weight_decay': 0.00276034431533572, 'batch_size': 256}
  Best Value (CSI): 0.543405
  Best Trial: 10
  Best Parameters: {'d_main': 64, 'd_hidden': 128, 'n_blocks': 2, 'dropout': 0.3988122259483736, 'lr': 0.00974174085078285, 'weight_decay': 0.0005585256291191698, 'batch_size': 256}
================================================================================

  Fold 1 - 클래스별 가중치: {0: 1.2087619047619047, 1: 1.0665546218487394, 2: 0.8096453176830825} (클래스별 샘플 수: {0: 10500, 1: 11900, 2: 15676})
[I 2026-01-07 19:55:15,672] Trial 15 pruned. 

================================================================================
Trial 15 완료
  Value (CSI): 0.368084
  Parameters: {'d_main': 128, 'd_hidden': 128, 'n_blocks': 3, 'dropout': 0.11003435384103621, 'lr': 0.0005271941550302424, 'weight_decay': 0.0007167157115806932, 'batch_size': 256}
  Best Value (CSI): 0.543405
  Best Trial: 10
  Best Parameters: {'d_main': 64, 'd_hidden': 128, 'n_blocks': 2, 'dropout': 0.3988122259483736, 'lr': 0.00974174085078285, 'weight_decay': 0.0005585256291191698, 'batch_size': 256}
================================================================================

  Fold 1 - 클래스별 가중치: {0: 1.2087619047619047, 1: 1.0665546218487394, 2: 0.8096453176830825} (클래스별 샘플 수: {0: 10500, 1: 11900, 2: 15676})
  Fold 2 - 클래스별 가중치: {0: 1.207079365079365, 1: 1.0832763532763532, 2: 0.8010069729718342} (클래스별 샘플 수: {0: 10500, 1: 11700, 2: 15823})
  Fold 3 - 클래스별 가중치: {0: 1.2086666666666666, 1: 1.0847008547008548, 2: 0.7995337995337995} (클래스별 샘플 수: {0: 10500, 1: 11700, 2: 15873})
[I 2026-01-07 19:55:48,071] Trial 16 finished with value: 0.5190258785264922 and parameters: {'d_main': 96, 'd_hidden': 128, 'n_blocks': 2, 'dropout': 0.38684260654659863, 'lr': 0.004029272078443888, 'weight_decay': 0.00039055845959371356, 'batch_size': 256}. Best is trial 10 with value: 0.5434051476842857.

================================================================================
Trial 16 완료
  Value (CSI): 0.519026
  Parameters: {'d_main': 96, 'd_hidden': 128, 'n_blocks': 2, 'dropout': 0.38684260654659863, 'lr': 0.004029272078443888, 'weight_decay': 0.00039055845959371356, 'batch_size': 256}
  Best Value (CSI): 0.543405
  Best Trial: 10
  Best Parameters: {'d_main': 64, 'd_hidden': 128, 'n_blocks': 2, 'dropout': 0.3988122259483736, 'lr': 0.00974174085078285, 'weight_decay': 0.0005585256291191698, 'batch_size': 256}
================================================================================

  Fold 1 - 클래스별 가중치: {0: 1.2087619047619047, 1: 1.0665546218487394, 2: 0.8096453176830825} (클래스별 샘플 수: {0: 10500, 1: 11900, 2: 15676})
[I 2026-01-07 19:55:54,350] Trial 17 pruned. 

================================================================================
Trial 17 완료
  Value (CSI): 0.388186
  Parameters: {'d_main': 64, 'd_hidden': 192, 'n_blocks': 4, 'dropout': 0.336168790765271, 'lr': 0.0004854488137271083, 'weight_decay': 0.002337449685493566, 'batch_size': 128}
  Best Value (CSI): 0.543405
  Best Trial: 10
  Best Parameters: {'d_main': 64, 'd_hidden': 128, 'n_blocks': 2, 'dropout': 0.3988122259483736, 'lr': 0.00974174085078285, 'weight_decay': 0.0005585256291191698, 'batch_size': 256}
================================================================================

  Fold 1 - 클래스별 가중치: {0: 1.2087619047619047, 1: 1.0665546218487394, 2: 0.8096453176830825} (클래스별 샘플 수: {0: 10500, 1: 11900, 2: 15676})
[I 2026-01-07 19:56:26,652] Trial 18 pruned. 

================================================================================
Trial 18 완료
  Value (CSI): 0.461661
  Parameters: {'d_main': 128, 'd_hidden': 128, 'n_blocks': 2, 'dropout': 0.3940001250200665, 'lr': 0.0033023221922389785, 'weight_decay': 0.0002473477164679675, 'batch_size': 32}
  Best Value (CSI): 0.543405
  Best Trial: 10
  Best Parameters: {'d_main': 64, 'd_hidden': 128, 'n_blocks': 2, 'dropout': 0.3988122259483736, 'lr': 0.00974174085078285, 'weight_decay': 0.0005585256291191698, 'batch_size': 256}
================================================================================

  Fold 1 - 클래스별 가중치: {0: 1.2087619047619047, 1: 1.0665546218487394, 2: 0.8096453176830825} (클래스별 샘플 수: {0: 10500, 1: 11900, 2: 15676})
[I 2026-01-07 19:56:35,370] Trial 19 pruned. 

================================================================================
Trial 19 완료
  Value (CSI): 0.457471
  Parameters: {'d_main': 128, 'd_hidden': 192, 'n_blocks': 3, 'dropout': 0.321874959094547, 'lr': 0.00994908909597243, 'weight_decay': 0.001181670511425134, 'batch_size': 256}
  Best Value (CSI): 0.543405
  Best Trial: 10
  Best Parameters: {'d_main': 64, 'd_hidden': 128, 'n_blocks': 2, 'dropout': 0.3988122259483736, 'lr': 0.00974174085078285, 'weight_decay': 0.0005585256291191698, 'batch_size': 256}
================================================================================

  Fold 1 - 클래스별 가중치: {0: 1.2087619047619047, 1: 1.0665546218487394, 2: 0.8096453176830825} (클래스별 샘플 수: {0: 10500, 1: 11900, 2: 15676})
[I 2026-01-07 19:56:44,667] Trial 20 pruned. 

================================================================================
Trial 20 완료
  Value (CSI): 0.449210
  Parameters: {'d_main': 160, 'd_hidden': 64, 'n_blocks': 4, 'dropout': 0.26053699795267593, 'lr': 0.0020717699146030008, 'weight_decay': 0.0005493706293730087, 'batch_size': 256}
  Best Value (CSI): 0.543405
  Best Trial: 10
  Best Parameters: {'d_main': 64, 'd_hidden': 128, 'n_blocks': 2, 'dropout': 0.3988122259483736, 'lr': 0.00974174085078285, 'weight_decay': 0.0005585256291191698, 'batch_size': 256}
================================================================================

  Fold 1 - 클래스별 가중치: {0: 1.2087619047619047, 1: 1.0665546218487394, 2: 0.8096453176830825} (클래스별 샘플 수: {0: 10500, 1: 11900, 2: 15676})
[I 2026-01-07 19:56:53,429] Trial 21 pruned. 

================================================================================
Trial 21 완료
  Value (CSI): 0.451181
  Parameters: {'d_main': 64, 'd_hidden': 128, 'n_blocks': 2, 'dropout': 0.3990911463322614, 'lr': 0.007115976803158605, 'weight_decay': 0.0005654830005203069, 'batch_size': 256}
  Best Value (CSI): 0.543405
  Best Trial: 10
  Best Parameters: {'d_main': 64, 'd_hidden': 128, 'n_blocks': 2, 'dropout': 0.3988122259483736, 'lr': 0.00974174085078285, 'weight_decay': 0.0005585256291191698, 'batch_size': 256}
================================================================================

  Fold 1 - 클래스별 가중치: {0: 1.2087619047619047, 1: 1.0665546218487394, 2: 0.8096453176830825} (클래스별 샘플 수: {0: 10500, 1: 11900, 2: 15676})
[I 2026-01-07 19:57:01,968] Trial 22 pruned. 

================================================================================
Trial 22 완료
  Value (CSI): 0.455617
  Parameters: {'d_main': 64, 'd_hidden': 128, 'n_blocks': 2, 'dropout': 0.3759290394586106, 'lr': 0.006129156273702287, 'weight_decay': 0.0007689345615448017, 'batch_size': 256}
  Best Value (CSI): 0.543405
  Best Trial: 10
  Best Parameters: {'d_main': 64, 'd_hidden': 128, 'n_blocks': 2, 'dropout': 0.3988122259483736, 'lr': 0.00974174085078285, 'weight_decay': 0.0005585256291191698, 'batch_size': 256}
================================================================================

  Fold 1 - 클래스별 가중치: {0: 1.2087619047619047, 1: 1.0665546218487394, 2: 0.8096453176830825} (클래스별 샘플 수: {0: 10500, 1: 11900, 2: 15676})
[I 2026-01-07 19:57:09,971] Trial 23 pruned. 

================================================================================
Trial 23 완료
  Value (CSI): 0.453846
  Parameters: {'d_main': 96, 'd_hidden': 128, 'n_blocks': 2, 'dropout': 0.37335649299642665, 'lr': 0.009057606372518992, 'weight_decay': 0.00021466104172099097, 'batch_size': 256}
  Best Value (CSI): 0.543405
  Best Trial: 10
  Best Parameters: {'d_main': 64, 'd_hidden': 128, 'n_blocks': 2, 'dropout': 0.3988122259483736, 'lr': 0.00974174085078285, 'weight_decay': 0.0005585256291191698, 'batch_size': 256}
================================================================================

  Fold 1 - 클래스별 가중치: {0: 1.2087619047619047, 1: 1.0665546218487394, 2: 0.8096453176830825} (클래스별 샘플 수: {0: 10500, 1: 11900, 2: 15676})
[I 2026-01-07 19:57:18,502] Trial 24 pruned. 

================================================================================
Trial 24 완료
  Value (CSI): 0.450515
  Parameters: {'d_main': 64, 'd_hidden': 128, 'n_blocks': 3, 'dropout': 0.3403490004359181, 'lr': 0.004598910502106736, 'weight_decay': 0.00047211601122957713, 'batch_size': 256}
  Best Value (CSI): 0.543405
  Best Trial: 10
  Best Parameters: {'d_main': 64, 'd_hidden': 128, 'n_blocks': 2, 'dropout': 0.3988122259483736, 'lr': 0.00974174085078285, 'weight_decay': 0.0005585256291191698, 'batch_size': 256}
================================================================================

  Fold 1 - 클래스별 가중치: {0: 1.2087619047619047, 1: 1.0665546218487394, 2: 0.8096453176830825} (클래스별 샘플 수: {0: 10500, 1: 11900, 2: 15676})
[I 2026-01-07 19:57:26,776] Trial 25 pruned. 

================================================================================
Trial 25 완료
  Value (CSI): 0.464119
  Parameters: {'d_main': 96, 'd_hidden': 192, 'n_blocks': 2, 'dropout': 0.3987695149550075, 'lr': 0.002817592119442612, 'weight_decay': 0.0015619316491114284, 'batch_size': 256}
  Best Value (CSI): 0.543405
  Best Trial: 10
  Best Parameters: {'d_main': 64, 'd_hidden': 128, 'n_blocks': 2, 'dropout': 0.3988122259483736, 'lr': 0.00974174085078285, 'weight_decay': 0.0005585256291191698, 'batch_size': 256}
================================================================================

  Fold 1 - 클래스별 가중치: {0: 1.2087619047619047, 1: 1.0665546218487394, 2: 0.8096453176830825} (클래스별 샘플 수: {0: 10500, 1: 11900, 2: 15676})
[I 2026-01-07 19:57:47,748] Trial 26 pruned. 

================================================================================
Trial 26 완료
  Value (CSI): 0.477829
  Parameters: {'d_main': 64, 'd_hidden': 128, 'n_blocks': 3, 'dropout': 0.37340350355800983, 'lr': 0.005414266340248257, 'weight_decay': 0.00018786453762039847, 'batch_size': 64}
  Best Value (CSI): 0.543405
  Best Trial: 10
  Best Parameters: {'d_main': 64, 'd_hidden': 128, 'n_blocks': 2, 'dropout': 0.3988122259483736, 'lr': 0.00974174085078285, 'weight_decay': 0.0005585256291191698, 'batch_size': 256}
================================================================================

  Fold 1 - 클래스별 가중치: {0: 1.2087619047619047, 1: 1.0665546218487394, 2: 0.8096453176830825} (클래스별 샘플 수: {0: 10500, 1: 11900, 2: 15676})
[I 2026-01-07 19:57:59,405] Trial 27 pruned. 

================================================================================
Trial 27 완료
  Value (CSI): 0.460665
  Parameters: {'d_main': 128, 'd_hidden': 64, 'n_blocks': 2, 'dropout': 0.3353062378164991, 'lr': 0.006531970048133685, 'weight_decay': 0.0003787101481332617, 'batch_size': 128}
  Best Value (CSI): 0.543405
  Best Trial: 10
  Best Parameters: {'d_main': 64, 'd_hidden': 128, 'n_blocks': 2, 'dropout': 0.3988122259483736, 'lr': 0.00974174085078285, 'weight_decay': 0.0005585256291191698, 'batch_size': 256}
================================================================================

  Fold 1 - 클래스별 가중치: {0: 1.2087619047619047, 1: 1.0665546218487394, 2: 0.8096453176830825} (클래스별 샘플 수: {0: 10500, 1: 11900, 2: 15676})
[I 2026-01-07 19:58:15,947] Trial 28 pruned. 

================================================================================
Trial 28 완료
  Value (CSI): 0.226821
  Parameters: {'d_main': 192, 'd_hidden': 128, 'n_blocks': 3, 'dropout': 0.3729535182374608, 'lr': 0.009943013179623098, 'weight_decay': 0.0007005690446465874, 'batch_size': 32}
  Best Value (CSI): 0.543405
  Best Trial: 10
  Best Parameters: {'d_main': 64, 'd_hidden': 128, 'n_blocks': 2, 'dropout': 0.3988122259483736, 'lr': 0.00974174085078285, 'weight_decay': 0.0005585256291191698, 'batch_size': 256}
================================================================================

  Fold 1 - 클래스별 가중치: {0: 1.2087619047619047, 1: 1.0665546218487394, 2: 0.8096453176830825} (클래스별 샘플 수: {0: 10500, 1: 11900, 2: 15676})
[I 2026-01-07 19:58:25,288] Trial 29 pruned. 

================================================================================
Trial 29 완료
  Value (CSI): 0.454992
  Parameters: {'d_main': 96, 'd_hidden': 192, 'n_blocks': 3, 'dropout': 0.349689416976346, 'lr': 0.003170544791203246, 'weight_decay': 0.00011383637740529586, 'batch_size': 256}
  Best Value (CSI): 0.543405
  Best Trial: 10
  Best Parameters: {'d_main': 64, 'd_hidden': 128, 'n_blocks': 2, 'dropout': 0.3988122259483736, 'lr': 0.00974174085078285, 'weight_decay': 0.0005585256291191698, 'batch_size': 256}
================================================================================

  Fold 1 - 클래스별 가중치: {0: 1.2087619047619047, 1: 1.0665546218487394, 2: 0.8096453176830825} (클래스별 샘플 수: {0: 10500, 1: 11900, 2: 15676})
[I 2026-01-07 19:58:29,247] Trial 30 pruned. 

================================================================================
Trial 30 완료
  Value (CSI): 0.397396
  Parameters: {'d_main': 64, 'd_hidden': 64, 'n_blocks': 2, 'dropout': 0.3575496353282128, 'lr': 0.0015412515211685799, 'weight_decay': 0.00028292467878606077, 'batch_size': 256}
  Best Value (CSI): 0.543405
  Best Trial: 10
  Best Parameters: {'d_main': 64, 'd_hidden': 128, 'n_blocks': 2, 'dropout': 0.3988122259483736, 'lr': 0.00974174085078285, 'weight_decay': 0.0005585256291191698, 'batch_size': 256}
================================================================================

  Fold 1 - 클래스별 가중치: {0: 1.2087619047619047, 1: 1.0665546218487394, 2: 0.8096453176830825} (클래스별 샘플 수: {0: 10500, 1: 11900, 2: 15676})
[I 2026-01-07 19:58:37,920] Trial 31 pruned. 

================================================================================
Trial 31 완료
  Value (CSI): 0.441732
  Parameters: {'d_main': 96, 'd_hidden': 128, 'n_blocks': 2, 'dropout': 0.38189958506882155, 'lr': 0.004399068031977935, 'weight_decay': 0.0004226089740599127, 'batch_size': 256}
  Best Value (CSI): 0.543405
  Best Trial: 10
  Best Parameters: {'d_main': 64, 'd_hidden': 128, 'n_blocks': 2, 'dropout': 0.3988122259483736, 'lr': 0.00974174085078285, 'weight_decay': 0.0005585256291191698, 'batch_size': 256}
================================================================================

  Fold 1 - 클래스별 가중치: {0: 1.2087619047619047, 1: 1.0665546218487394, 2: 0.8096453176830825} (클래스별 샘플 수: {0: 10500, 1: 11900, 2: 15676})
[I 2026-01-07 19:58:46,458] Trial 32 pruned. 

================================================================================
Trial 32 완료
  Value (CSI): 0.445385
  Parameters: {'d_main': 64, 'd_hidden': 128, 'n_blocks': 2, 'dropout': 0.381893372988763, 'lr': 0.006028086324163543, 'weight_decay': 0.00042295292632982495, 'batch_size': 256}
  Best Value (CSI): 0.543405
  Best Trial: 10
  Best Parameters: {'d_main': 64, 'd_hidden': 128, 'n_blocks': 2, 'dropout': 0.3988122259483736, 'lr': 0.00974174085078285, 'weight_decay': 0.0005585256291191698, 'batch_size': 256}
================================================================================

  Fold 1 - 클래스별 가중치: {0: 1.2087619047619047, 1: 1.0665546218487394, 2: 0.8096453176830825} (클래스별 샘플 수: {0: 10500, 1: 11900, 2: 15676})
[I 2026-01-07 19:58:54,558] Trial 33 pruned. 

================================================================================
Trial 33 완료
  Value (CSI): 0.451835
  Parameters: {'d_main': 96, 'd_hidden': 128, 'n_blocks': 2, 'dropout': 0.39971525197819624, 'lr': 0.0035842170250757082, 'weight_decay': 0.0009019428626717639, 'batch_size': 256}
  Best Value (CSI): 0.543405
  Best Trial: 10
  Best Parameters: {'d_main': 64, 'd_hidden': 128, 'n_blocks': 2, 'dropout': 0.3988122259483736, 'lr': 0.00974174085078285, 'weight_decay': 0.0005585256291191698, 'batch_size': 256}
================================================================================

  Fold 1 - 클래스별 가중치: {0: 1.2087619047619047, 1: 1.0665546218487394, 2: 0.8096453176830825} (클래스별 샘플 수: {0: 10500, 1: 11900, 2: 15676})
  Fold 2 - 클래스별 가중치: {0: 1.207079365079365, 1: 1.0832763532763532, 2: 0.8010069729718342} (클래스별 샘플 수: {0: 10500, 1: 11700, 2: 15823})
  Fold 3 - 클래스별 가중치: {0: 1.2086666666666666, 1: 1.0847008547008548, 2: 0.7995337995337995} (클래스별 샘플 수: {0: 10500, 1: 11700, 2: 15873})
[I 2026-01-07 19:59:25,203] Trial 34 finished with value: 0.5330948753290232 and parameters: {'d_main': 64, 'd_hidden': 128, 'n_blocks': 2, 'dropout': 0.3161698241353889, 'lr': 0.00661340324817464, 'weight_decay': 0.00018097439903626871, 'batch_size': 256}. Best is trial 10 with value: 0.5434051476842857.

================================================================================
Trial 34 완료
  Value (CSI): 0.533095
  Parameters: {'d_main': 64, 'd_hidden': 128, 'n_blocks': 2, 'dropout': 0.3161698241353889, 'lr': 0.00661340324817464, 'weight_decay': 0.00018097439903626871, 'batch_size': 256}
  Best Value (CSI): 0.543405
  Best Trial: 10
  Best Parameters: {'d_main': 64, 'd_hidden': 128, 'n_blocks': 2, 'dropout': 0.3988122259483736, 'lr': 0.00974174085078285, 'weight_decay': 0.0005585256291191698, 'batch_size': 256}
================================================================================

  Fold 1 - 클래스별 가중치: {0: 1.2087619047619047, 1: 1.0665546218487394, 2: 0.8096453176830825} (클래스별 샘플 수: {0: 10500, 1: 11900, 2: 15676})
  Fold 2 - 클래스별 가중치: {0: 1.207079365079365, 1: 1.0832763532763532, 2: 0.8010069729718342} (클래스별 샘플 수: {0: 10500, 1: 11700, 2: 15823})
  Fold 3 - 클래스별 가중치: {0: 1.2086666666666666, 1: 1.0847008547008548, 2: 0.7995337995337995} (클래스별 샘플 수: {0: 10500, 1: 11700, 2: 15873})
[I 2026-01-07 20:00:06,966] Trial 35 finished with value: 0.5381886346805486 and parameters: {'d_main': 64, 'd_hidden': 64, 'n_blocks': 3, 'dropout': 0.3482120862190369, 'lr': 0.007811337818056159, 'weight_decay': 0.00016901907202564325, 'batch_size': 128}. Best is trial 10 with value: 0.5434051476842857.

================================================================================
Trial 35 완료
  Value (CSI): 0.538189
  Parameters: {'d_main': 64, 'd_hidden': 64, 'n_blocks': 3, 'dropout': 0.3482120862190369, 'lr': 0.007811337818056159, 'weight_decay': 0.00016901907202564325, 'batch_size': 128}
  Best Value (CSI): 0.543405
  Best Trial: 10
  Best Parameters: {'d_main': 64, 'd_hidden': 128, 'n_blocks': 2, 'dropout': 0.3988122259483736, 'lr': 0.00974174085078285, 'weight_decay': 0.0005585256291191698, 'batch_size': 256}
================================================================================

  Fold 1 - 클래스별 가중치: {0: 1.2087619047619047, 1: 1.0665546218487394, 2: 0.8096453176830825} (클래스별 샘플 수: {0: 10500, 1: 11900, 2: 15676})
[I 2026-01-07 20:00:13,187] Trial 36 pruned. 

================================================================================
Trial 36 완료
  Value (CSI): 0.438247
  Parameters: {'d_main': 64, 'd_hidden': 64, 'n_blocks': 3, 'dropout': 0.30392459110207726, 'lr': 0.002240645264531477, 'weight_decay': 0.0001071713192659589, 'batch_size': 128}
  Best Value (CSI): 0.543405
  Best Trial: 10
  Best Parameters: {'d_main': 64, 'd_hidden': 128, 'n_blocks': 2, 'dropout': 0.3988122259483736, 'lr': 0.00974174085078285, 'weight_decay': 0.0005585256291191698, 'batch_size': 256}
================================================================================

  Fold 1 - 클래스별 가중치: {0: 1.2087619047619047, 1: 1.0665546218487394, 2: 0.8096453176830825} (클래스별 샘플 수: {0: 10500, 1: 11900, 2: 15676})
[I 2026-01-07 20:00:22,137] Trial 37 pruned. 

================================================================================
Trial 37 완료
  Value (CSI): 0.423704
  Parameters: {'d_main': 192, 'd_hidden': 64, 'n_blocks': 4, 'dropout': 0.3168615273998244, 'lr': 0.001009682066853581, 'weight_decay': 0.0001763134000526903, 'batch_size': 128}
  Best Value (CSI): 0.543405
  Best Trial: 10
  Best Parameters: {'d_main': 64, 'd_hidden': 128, 'n_blocks': 2, 'dropout': 0.3988122259483736, 'lr': 0.00974174085078285, 'weight_decay': 0.0005585256291191698, 'batch_size': 256}
================================================================================

  Fold 1 - 클래스별 가중치: {0: 1.2087619047619047, 1: 1.0665546218487394, 2: 0.8096453176830825} (클래스별 샘플 수: {0: 10500, 1: 11900, 2: 15676})
[I 2026-01-07 20:00:33,770] Trial 38 pruned. 

================================================================================
Trial 38 완료
  Value (CSI): 0.446293
  Parameters: {'d_main': 96, 'd_hidden': 64, 'n_blocks': 3, 'dropout': 0.3225850944989355, 'lr': 0.006363649821627081, 'weight_decay': 0.00017228085019611042, 'batch_size': 128}
  Best Value (CSI): 0.543405
  Best Trial: 10
  Best Parameters: {'d_main': 64, 'd_hidden': 128, 'n_blocks': 2, 'dropout': 0.3988122259483736, 'lr': 0.00974174085078285, 'weight_decay': 0.0005585256291191698, 'batch_size': 256}
================================================================================

  Fold 1 - 클래스별 가중치: {0: 1.2087619047619047, 1: 1.0665546218487394, 2: 0.8096453176830825} (클래스별 샘플 수: {0: 10500, 1: 11900, 2: 15676})
[I 2026-01-07 20:00:46,105] Trial 39 pruned. 

================================================================================
Trial 39 완료
  Value (CSI): 0.415566
  Parameters: {'d_main': 128, 'd_hidden': 64, 'n_blocks': 5, 'dropout': 0.28768196425137077, 'lr': 0.0028313425877236524, 'weight_decay': 0.00014878008706789282, 'batch_size': 64}
  Best Value (CSI): 0.543405
  Best Trial: 10
  Best Parameters: {'d_main': 64, 'd_hidden': 128, 'n_blocks': 2, 'dropout': 0.3988122259483736, 'lr': 0.00974174085078285, 'weight_decay': 0.0005585256291191698, 'batch_size': 256}
================================================================================

  Fold 1 - 클래스별 가중치: {0: 1.2087619047619047, 1: 1.0665546218487394, 2: 0.8096453176830825} (클래스별 샘플 수: {0: 10500, 1: 11900, 2: 15676})
  Fold 2 - 클래스별 가중치: {0: 1.207079365079365, 1: 1.0832763532763532, 2: 0.8010069729718342} (클래스별 샘플 수: {0: 10500, 1: 11700, 2: 15823})
  Fold 3 - 클래스별 가중치: {0: 1.2086666666666666, 1: 1.0847008547008548, 2: 0.7995337995337995} (클래스별 샘플 수: {0: 10500, 1: 11700, 2: 15873})
[I 2026-01-07 20:01:26,225] Trial 40 finished with value: 0.5422871872084255 and parameters: {'d_main': 64, 'd_hidden': 64, 'n_blocks': 3, 'dropout': 0.3499220938006503, 'lr': 0.004713017603278118, 'weight_decay': 0.000102419700251931, 'batch_size': 128}. Best is trial 10 with value: 0.5434051476842857.

================================================================================
Trial 40 완료
  Value (CSI): 0.542287
  Parameters: {'d_main': 64, 'd_hidden': 64, 'n_blocks': 3, 'dropout': 0.3499220938006503, 'lr': 0.004713017603278118, 'weight_decay': 0.000102419700251931, 'batch_size': 128}
  Best Value (CSI): 0.543405
  Best Trial: 10
  Best Parameters: {'d_main': 64, 'd_hidden': 128, 'n_blocks': 2, 'dropout': 0.3988122259483736, 'lr': 0.00974174085078285, 'weight_decay': 0.0005585256291191698, 'batch_size': 256}
================================================================================

  Fold 1 - 클래스별 가중치: {0: 1.2087619047619047, 1: 1.0665546218487394, 2: 0.8096453176830825} (클래스별 샘플 수: {0: 10500, 1: 11900, 2: 15676})
  Fold 2 - 클래스별 가중치: {0: 1.207079365079365, 1: 1.0832763532763532, 2: 0.8010069729718342} (클래스별 샘플 수: {0: 10500, 1: 11700, 2: 15823})
  Fold 3 - 클래스별 가중치: {0: 1.2086666666666666, 1: 1.0847008547008548, 2: 0.7995337995337995} (클래스별 샘플 수: {0: 10500, 1: 11700, 2: 15873})
[I 2026-01-07 20:02:20,861] Trial 41 finished with value: 0.5460440727191574 and parameters: {'d_main': 64, 'd_hidden': 64, 'n_blocks': 4, 'dropout': 0.3534494900064186, 'lr': 0.006451786774116068, 'weight_decay': 0.00010122734030283861, 'batch_size': 128}. Best is trial 41 with value: 0.5460440727191574.

================================================================================
Trial 41 완료
  Value (CSI): 0.546044
  Parameters: {'d_main': 64, 'd_hidden': 64, 'n_blocks': 4, 'dropout': 0.3534494900064186, 'lr': 0.006451786774116068, 'weight_decay': 0.00010122734030283861, 'batch_size': 128}
  Best Value (CSI): 0.546044
  Best Trial: 41
  Best Parameters: {'d_main': 64, 'd_hidden': 64, 'n_blocks': 4, 'dropout': 0.3534494900064186, 'lr': 0.006451786774116068, 'weight_decay': 0.00010122734030283861, 'batch_size': 128}
================================================================================

  Fold 1 - 클래스별 가중치: {0: 1.2087619047619047, 1: 1.0665546218487394, 2: 0.8096453176830825} (클래스별 샘플 수: {0: 10500, 1: 11900, 2: 15676})
[I 2026-01-07 20:02:34,468] Trial 42 pruned. 

================================================================================
Trial 42 완료
  Value (CSI): 0.451946
  Parameters: {'d_main': 64, 'd_hidden': 64, 'n_blocks': 5, 'dropout': 0.363789251143801, 'lr': 0.004272391944576977, 'weight_decay': 0.00010250854701562918, 'batch_size': 128}
  Best Value (CSI): 0.546044
  Best Trial: 41
  Best Parameters: {'d_main': 64, 'd_hidden': 64, 'n_blocks': 4, 'dropout': 0.3534494900064186, 'lr': 0.006451786774116068, 'weight_decay': 0.00010122734030283861, 'batch_size': 128}
================================================================================

  Fold 1 - 클래스별 가중치: {0: 1.2087619047619047, 1: 1.0665546218487394, 2: 0.8096453176830825} (클래스별 샘플 수: {0: 10500, 1: 11900, 2: 15676})
[I 2026-01-07 20:02:47,090] Trial 43 pruned. 

================================================================================
Trial 43 완료
  Value (CSI): 0.450845
  Parameters: {'d_main': 96, 'd_hidden': 64, 'n_blocks': 4, 'dropout': 0.35350011988280544, 'lr': 0.007029146555340581, 'weight_decay': 0.0002449770768143002, 'batch_size': 128}
  Best Value (CSI): 0.546044
  Best Trial: 41
  Best Parameters: {'d_main': 64, 'd_hidden': 64, 'n_blocks': 4, 'dropout': 0.3534494900064186, 'lr': 0.006451786774116068, 'weight_decay': 0.00010122734030283861, 'batch_size': 128}
================================================================================

  Fold 1 - 클래스별 가중치: {0: 1.2087619047619047, 1: 1.0665546218487394, 2: 0.8096453176830825} (클래스별 샘플 수: {0: 10500, 1: 11900, 2: 15676})
[I 2026-01-07 20:02:59,727] Trial 44 pruned. 

================================================================================
Trial 44 완료
  Value (CSI): 0.443647
  Parameters: {'d_main': 64, 'd_hidden': 64, 'n_blocks': 4, 'dropout': 0.36725106664522517, 'lr': 0.004896134655988222, 'weight_decay': 0.00013428364732717492, 'batch_size': 128}
  Best Value (CSI): 0.546044
  Best Trial: 41
  Best Parameters: {'d_main': 64, 'd_hidden': 64, 'n_blocks': 4, 'dropout': 0.3534494900064186, 'lr': 0.006451786774116068, 'weight_decay': 0.00010122734030283861, 'batch_size': 128}
================================================================================

  Fold 1 - 클래스별 가중치: {0: 1.2087619047619047, 1: 1.0665546218487394, 2: 0.8096453176830825} (클래스별 샘플 수: {0: 10500, 1: 11900, 2: 15676})
[I 2026-01-07 20:03:13,387] Trial 45 pruned. 

================================================================================
Trial 45 완료
  Value (CSI): 0.463066
  Parameters: {'d_main': 64, 'd_hidden': 64, 'n_blocks': 4, 'dropout': 0.34812043809124704, 'lr': 0.009925334919980308, 'weight_decay': 0.0003020896362891408, 'batch_size': 128}
  Best Value (CSI): 0.546044
  Best Trial: 41
  Best Parameters: {'d_main': 64, 'd_hidden': 64, 'n_blocks': 4, 'dropout': 0.3534494900064186, 'lr': 0.006451786774116068, 'weight_decay': 0.00010122734030283861, 'batch_size': 128}
================================================================================

  Fold 1 - 클래스별 가중치: {0: 1.2087619047619047, 1: 1.0665546218487394, 2: 0.8096453176830825} (클래스별 샘플 수: {0: 10500, 1: 11900, 2: 15676})
[I 2026-01-07 20:03:19,670] Trial 46 pruned. 

================================================================================
Trial 46 완료
  Value (CSI): 0.444539
  Parameters: {'d_main': 96, 'd_hidden': 64, 'n_blocks': 3, 'dropout': 0.3818801422687771, 'lr': 0.006972972999861938, 'weight_decay': 0.00010333819749034713, 'batch_size': 128}
  Best Value (CSI): 0.546044
  Best Trial: 41
  Best Parameters: {'d_main': 64, 'd_hidden': 64, 'n_blocks': 4, 'dropout': 0.3534494900064186, 'lr': 0.006451786774116068, 'weight_decay': 0.00010122734030283861, 'batch_size': 128}
================================================================================

  Fold 1 - 클래스별 가중치: {0: 1.2087619047619047, 1: 1.0665546218487394, 2: 0.8096453176830825} (클래스별 샘플 수: {0: 10500, 1: 11900, 2: 15676})
  Fold 2 - 클래스별 가중치: {0: 1.207079365079365, 1: 1.0832763532763532, 2: 0.8010069729718342} (클래스별 샘플 수: {0: 10500, 1: 11700, 2: 15823})
  Fold 3 - 클래스별 가중치: {0: 1.2086666666666666, 1: 1.0847008547008548, 2: 0.7995337995337995} (클래스별 샘플 수: {0: 10500, 1: 11700, 2: 15873})
[I 2026-01-07 20:04:00,888] Trial 47 finished with value: 0.5305773977030518 and parameters: {'d_main': 192, 'd_hidden': 256, 'n_blocks': 4, 'dropout': 0.3335933522238267, 'lr': 0.004108928420698711, 'weight_decay': 0.00015196082040786675, 'batch_size': 128}. Best is trial 41 with value: 0.5460440727191574.

================================================================================
Trial 47 완료
  Value (CSI): 0.530577
  Parameters: {'d_main': 192, 'd_hidden': 256, 'n_blocks': 4, 'dropout': 0.3335933522238267, 'lr': 0.004108928420698711, 'weight_decay': 0.00015196082040786675, 'batch_size': 128}
  Best Value (CSI): 0.546044
  Best Trial: 41
  Best Parameters: {'d_main': 64, 'd_hidden': 64, 'n_blocks': 4, 'dropout': 0.3534494900064186, 'lr': 0.006451786774116068, 'weight_decay': 0.00010122734030283861, 'batch_size': 128}
================================================================================

  Fold 1 - 클래스별 가중치: {0: 1.2087619047619047, 1: 1.0665546218487394, 2: 0.8096453176830825} (클래스별 샘플 수: {0: 10500, 1: 11900, 2: 15676})
[I 2026-01-07 20:04:07,152] Trial 48 pruned. 

================================================================================
Trial 48 완료
  Value (CSI): 0.433483
  Parameters: {'d_main': 64, 'd_hidden': 64, 'n_blocks': 3, 'dropout': 0.35644673978824554, 'lr': 0.0014718956990220492, 'weight_decay': 0.00022563210387645946, 'batch_size': 128}
  Best Value (CSI): 0.546044
  Best Trial: 41
  Best Parameters: {'d_main': 64, 'd_hidden': 64, 'n_blocks': 4, 'dropout': 0.3534494900064186, 'lr': 0.006451786774116068, 'weight_decay': 0.00010122734030283861, 'batch_size': 128}
================================================================================

  Fold 1 - 클래스별 가중치: {0: 1.2087619047619047, 1: 1.0665546218487394, 2: 0.8096453176830825} (클래스별 샘플 수: {0: 10500, 1: 11900, 2: 15676})
[I 2026-01-07 20:04:31,059] Trial 49 pruned. 

================================================================================
Trial 49 완료
  Value (CSI): 0.439669
  Parameters: {'d_main': 96, 'd_hidden': 64, 'n_blocks': 6, 'dropout': 0.3874257963389583, 'lr': 0.0024734969252597117, 'weight_decay': 0.0002983009638922975, 'batch_size': 32}
  Best Value (CSI): 0.546044
  Best Trial: 41
  Best Parameters: {'d_main': 64, 'd_hidden': 64, 'n_blocks': 4, 'dropout': 0.3534494900064186, 'lr': 0.006451786774116068, 'weight_decay': 0.00010122734030283861, 'batch_size': 128}
================================================================================

  Fold 1 - 클래스별 가중치: {0: 1.2087619047619047, 1: 1.0665546218487394, 2: 0.8096453176830825} (클래스별 샘플 수: {0: 10500, 1: 11900, 2: 15676})
[I 2026-01-07 20:04:43,161] Trial 50 pruned. 

================================================================================
Trial 50 완료
  Value (CSI): 0.434659
  Parameters: {'d_main': 64, 'd_hidden': 64, 'n_blocks': 5, 'dropout': 0.3650775169421987, 'lr': 0.00791511848197917, 'weight_decay': 0.0001435312847170499, 'batch_size': 64}
  Best Value (CSI): 0.546044
  Best Trial: 41
  Best Parameters: {'d_main': 64, 'd_hidden': 64, 'n_blocks': 4, 'dropout': 0.3534494900064186, 'lr': 0.006451786774116068, 'weight_decay': 0.00010122734030283861, 'batch_size': 128}
================================================================================

  Fold 1 - 클래스별 가중치: {0: 1.2087619047619047, 1: 1.0665546218487394, 2: 0.8096453176830825} (클래스별 샘플 수: {0: 10500, 1: 11900, 2: 15676})
[I 2026-01-07 20:04:53,943] Trial 51 pruned. 

================================================================================
Trial 51 완료
  Value (CSI): 0.444361
  Parameters: {'d_main': 64, 'd_hidden': 128, 'n_blocks': 2, 'dropout': 0.34126219201251384, 'lr': 0.0053032563559057555, 'weight_decay': 0.00019034885118777623, 'batch_size': 128}
  Best Value (CSI): 0.546044
  Best Trial: 41
  Best Parameters: {'d_main': 64, 'd_hidden': 64, 'n_blocks': 4, 'dropout': 0.3534494900064186, 'lr': 0.006451786774116068, 'weight_decay': 0.00010122734030283861, 'batch_size': 128}
================================================================================

  Fold 1 - 클래스별 가중치: {0: 1.2087619047619047, 1: 1.0665546218487394, 2: 0.8096453176830825} (클래스별 샘플 수: {0: 10500, 1: 11900, 2: 15676})
[I 2026-01-07 20:05:06,699] Trial 52 pruned. 

================================================================================
Trial 52 완료
  Value (CSI): 0.463918
  Parameters: {'d_main': 64, 'd_hidden': 128, 'n_blocks': 3, 'dropout': 0.31569615816398666, 'lr': 0.007936286901082829, 'weight_decay': 0.00032853265368196276, 'batch_size': 128}
  Best Value (CSI): 0.546044
  Best Trial: 41
  Best Parameters: {'d_main': 64, 'd_hidden': 64, 'n_blocks': 4, 'dropout': 0.3534494900064186, 'lr': 0.006451786774116068, 'weight_decay': 0.00010122734030283861, 'batch_size': 128}
================================================================================

  Fold 1 - 클래스별 가중치: {0: 1.2087619047619047, 1: 1.0665546218487394, 2: 0.8096453176830825} (클래스별 샘플 수: {0: 10500, 1: 11900, 2: 15676})
[I 2026-01-07 20:05:12,452] Trial 53 pruned. 

================================================================================
Trial 53 완료
  Value (CSI): 0.438662
  Parameters: {'d_main': 64, 'd_hidden': 192, 'n_blocks': 2, 'dropout': 0.33096983172723127, 'lr': 0.0037232476041755163, 'weight_decay': 0.00012739733578708346, 'batch_size': 128}
  Best Value (CSI): 0.546044
  Best Trial: 41
  Best Parameters: {'d_main': 64, 'd_hidden': 64, 'n_blocks': 4, 'dropout': 0.3534494900064186, 'lr': 0.006451786774116068, 'weight_decay': 0.00010122734030283861, 'batch_size': 128}
================================================================================

  Fold 1 - 클래스별 가중치: {0: 1.2087619047619047, 1: 1.0665546218487394, 2: 0.8096453176830825} (클래스별 샘플 수: {0: 10500, 1: 11900, 2: 15676})
[I 2026-01-07 20:05:27,042] Trial 54 pruned. 

================================================================================
Trial 54 완료
  Value (CSI): 0.296350
  Parameters: {'d_main': 96, 'd_hidden': 128, 'n_blocks': 2, 'dropout': 0.34475457587775676, 'lr': 0.007554756596676851, 'weight_decay': 0.00021599502720625656, 'batch_size': 32}
  Best Value (CSI): 0.546044
  Best Trial: 41
  Best Parameters: {'d_main': 64, 'd_hidden': 64, 'n_blocks': 4, 'dropout': 0.3534494900064186, 'lr': 0.006451786774116068, 'weight_decay': 0.00010122734030283861, 'batch_size': 128}
================================================================================

  Fold 1 - 클래스별 가중치: {0: 1.2087619047619047, 1: 1.0665546218487394, 2: 0.8096453176830825} (클래스별 샘플 수: {0: 10500, 1: 11900, 2: 15676})
[I 2026-01-07 20:05:32,116] Trial 55 pruned. 

================================================================================
Trial 55 완료
  Value (CSI): 0.452425
  Parameters: {'d_main': 64, 'd_hidden': 64, 'n_blocks': 5, 'dropout': 0.3873832964959399, 'lr': 0.005358716219503141, 'weight_decay': 0.00016275916921564725, 'batch_size': 256}
  Best Value (CSI): 0.546044
  Best Trial: 41
  Best Parameters: {'d_main': 64, 'd_hidden': 64, 'n_blocks': 4, 'dropout': 0.3534494900064186, 'lr': 0.006451786774116068, 'weight_decay': 0.00010122734030283861, 'batch_size': 128}
================================================================================

  Fold 1 - 클래스별 가중치: {0: 1.2087619047619047, 1: 1.0665546218487394, 2: 0.8096453176830825} (클래스별 샘플 수: {0: 10500, 1: 11900, 2: 15676})
[I 2026-01-07 20:05:40,514] Trial 56 pruned. 

================================================================================
Trial 56 완료
  Value (CSI): 0.440316
  Parameters: {'d_main': 64, 'd_hidden': 128, 'n_blocks': 3, 'dropout': 0.30101942077018545, 'lr': 0.007788963354500115, 'weight_decay': 0.0002515951054402034, 'batch_size': 256}
  Best Value (CSI): 0.546044
  Best Trial: 41
  Best Parameters: {'d_main': 64, 'd_hidden': 64, 'n_blocks': 4, 'dropout': 0.3534494900064186, 'lr': 0.006451786774116068, 'weight_decay': 0.00010122734030283861, 'batch_size': 128}
================================================================================

  Fold 1 - 클래스별 가중치: {0: 1.2087619047619047, 1: 1.0665546218487394, 2: 0.8096453176830825} (클래스별 샘플 수: {0: 10500, 1: 11900, 2: 15676})
[I 2026-01-07 20:05:49,666] Trial 57 pruned. 

================================================================================
Trial 57 완료
  Value (CSI): 0.433420
  Parameters: {'d_main': 96, 'd_hidden': 128, 'n_blocks': 2, 'dropout': 0.35993451416407807, 'lr': 0.005541958169131393, 'weight_decay': 0.0003396818287113356, 'batch_size': 64}
  Best Value (CSI): 0.546044
  Best Trial: 41
  Best Parameters: {'d_main': 64, 'd_hidden': 64, 'n_blocks': 4, 'dropout': 0.3534494900064186, 'lr': 0.006451786774116068, 'weight_decay': 0.00010122734030283861, 'batch_size': 128}
================================================================================

  Fold 1 - 클래스별 가중치: {0: 1.2087619047619047, 1: 1.0665546218487394, 2: 0.8096453176830825} (클래스별 샘플 수: {0: 10500, 1: 11900, 2: 15676})
[I 2026-01-07 20:05:56,113] Trial 58 pruned. 

================================================================================
Trial 58 완료
  Value (CSI): 0.438023
  Parameters: {'d_main': 256, 'd_hidden': 64, 'n_blocks': 3, 'dropout': 0.3718379603367586, 'lr': 0.003146873456104235, 'weight_decay': 0.000100949277540215, 'batch_size': 128}
  Best Value (CSI): 0.546044
  Best Trial: 41
  Best Parameters: {'d_main': 64, 'd_hidden': 64, 'n_blocks': 4, 'dropout': 0.3534494900064186, 'lr': 0.006451786774116068, 'weight_decay': 0.00010122734030283861, 'batch_size': 128}
================================================================================

  Fold 1 - 클래스별 가중치: {0: 1.2087619047619047, 1: 1.0665546218487394, 2: 0.8096453176830825} (클래스별 샘플 수: {0: 10500, 1: 11900, 2: 15676})
[I 2026-01-07 20:06:00,507] Trial 59 pruned. 

================================================================================
Trial 59 완료
  Value (CSI): 0.452890
  Parameters: {'d_main': 64, 'd_hidden': 128, 'n_blocks': 2, 'dropout': 0.3259987679966868, 'lr': 0.009328443628459242, 'weight_decay': 0.00049868357315599, 'batch_size': 256}
  Best Value (CSI): 0.546044
  Best Trial: 41
  Best Parameters: {'d_main': 64, 'd_hidden': 64, 'n_blocks': 4, 'dropout': 0.3534494900064186, 'lr': 0.006451786774116068, 'weight_decay': 0.00010122734030283861, 'batch_size': 128}
================================================================================

  Fold 1 - 클래스별 가중치: {0: 1.2087619047619047, 1: 1.0665546218487394, 2: 0.8096453176830825} (클래스별 샘플 수: {0: 10500, 1: 11900, 2: 15676})
[I 2026-01-07 20:06:04,831] Trial 60 pruned. 

================================================================================
Trial 60 완료
  Value (CSI): 0.448773
  Parameters: {'d_main': 64, 'd_hidden': 192, 'n_blocks': 2, 'dropout': 0.3503960370888842, 'lr': 0.004244824799748763, 'weight_decay': 0.00013308700725323674, 'batch_size': 256}
  Best Value (CSI): 0.546044
  Best Trial: 41
  Best Parameters: {'d_main': 64, 'd_hidden': 64, 'n_blocks': 4, 'dropout': 0.3534494900064186, 'lr': 0.006451786774116068, 'weight_decay': 0.00010122734030283861, 'batch_size': 128}
================================================================================

  Fold 1 - 클래스별 가중치: {0: 1.2087619047619047, 1: 1.0665546218487394, 2: 0.8096453176830825} (클래스별 샘플 수: {0: 10500, 1: 11900, 2: 15676})
[I 2026-01-07 20:06:09,139] Trial 61 pruned. 

================================================================================
Trial 61 완료
  Value (CSI): 0.448718
  Parameters: {'d_main': 64, 'd_hidden': 128, 'n_blocks': 2, 'dropout': 0.39386948740406613, 'lr': 0.008122393795679543, 'weight_decay': 0.0005826329659064203, 'batch_size': 256}
  Best Value (CSI): 0.546044
  Best Trial: 41
  Best Parameters: {'d_main': 64, 'd_hidden': 64, 'n_blocks': 4, 'dropout': 0.3534494900064186, 'lr': 0.006451786774116068, 'weight_decay': 0.00010122734030283861, 'batch_size': 128}
================================================================================

  Fold 1 - 클래스별 가중치: {0: 1.2087619047619047, 1: 1.0665546218487394, 2: 0.8096453176830825} (클래스별 샘플 수: {0: 10500, 1: 11900, 2: 15676})
[I 2026-01-07 20:06:13,473] Trial 62 pruned. 

================================================================================
Trial 62 완료
  Value (CSI): 0.450116
  Parameters: {'d_main': 64, 'd_hidden': 128, 'n_blocks': 2, 'dropout': 0.39009608095165593, 'lr': 0.006207219888050912, 'weight_decay': 0.0011930105984920077, 'batch_size': 256}
  Best Value (CSI): 0.546044
  Best Trial: 41
  Best Parameters: {'d_main': 64, 'd_hidden': 64, 'n_blocks': 4, 'dropout': 0.3534494900064186, 'lr': 0.006451786774116068, 'weight_decay': 0.00010122734030283861, 'batch_size': 128}
================================================================================

  Fold 1 - 클래스별 가중치: {0: 1.2087619047619047, 1: 1.0665546218487394, 2: 0.8096453176830825} (클래스별 샘플 수: {0: 10500, 1: 11900, 2: 15676})
[I 2026-01-07 20:06:22,131] Trial 63 pruned. 

================================================================================
Trial 63 완료
  Value (CSI): 0.453411
  Parameters: {'d_main': 64, 'd_hidden': 128, 'n_blocks': 2, 'dropout': 0.3789515770232798, 'lr': 0.009998367603378853, 'weight_decay': 0.0006382313530318907, 'batch_size': 256}
  Best Value (CSI): 0.546044
  Best Trial: 41
  Best Parameters: {'d_main': 64, 'd_hidden': 64, 'n_blocks': 4, 'dropout': 0.3534494900064186, 'lr': 0.006451786774116068, 'weight_decay': 0.00010122734030283861, 'batch_size': 128}
================================================================================

  Fold 1 - 클래스별 가중치: {0: 1.2087619047619047, 1: 1.0665546218487394, 2: 0.8096453176830825} (클래스별 샘플 수: {0: 10500, 1: 11900, 2: 15676})
[I 2026-01-07 20:06:30,663] Trial 64 pruned. 

================================================================================
Trial 64 완료
  Value (CSI): 0.470248
  Parameters: {'d_main': 96, 'd_hidden': 64, 'n_blocks': 2, 'dropout': 0.3725391654429053, 'lr': 0.005249637296674929, 'weight_decay': 0.0008520182437738101, 'batch_size': 256}
  Best Value (CSI): 0.546044
  Best Trial: 41
  Best Parameters: {'d_main': 64, 'd_hidden': 64, 'n_blocks': 4, 'dropout': 0.3534494900064186, 'lr': 0.006451786774116068, 'weight_decay': 0.00010122734030283861, 'batch_size': 128}
================================================================================

  Fold 1 - 클래스별 가중치: {0: 1.2087619047619047, 1: 1.0665546218487394, 2: 0.8096453176830825} (클래스별 샘플 수: {0: 10500, 1: 11900, 2: 15676})
[I 2026-01-07 20:06:35,416] Trial 65 pruned. 

================================================================================
Trial 65 완료
  Value (CSI): 0.433213
  Parameters: {'d_main': 64, 'd_hidden': 256, 'n_blocks': 3, 'dropout': 0.38839876414840296, 'lr': 0.006562950110542936, 'weight_decay': 0.00019695718077428998, 'batch_size': 256}
  Best Value (CSI): 0.546044
  Best Trial: 41
  Best Parameters: {'d_main': 64, 'd_hidden': 64, 'n_blocks': 4, 'dropout': 0.3534494900064186, 'lr': 0.006451786774116068, 'weight_decay': 0.00010122734030283861, 'batch_size': 128}
================================================================================

  Fold 1 - 클래스별 가중치: {0: 1.2087619047619047, 1: 1.0665546218487394, 2: 0.8096453176830825} (클래스별 샘플 수: {0: 10500, 1: 11900, 2: 15676})
[I 2026-01-07 20:06:51,023] Trial 66 pruned. 

================================================================================
Trial 66 완료
  Value (CSI): 0.424940
  Parameters: {'d_main': 64, 'd_hidden': 128, 'n_blocks': 2, 'dropout': 0.3640329405898857, 'lr': 0.003742997632464138, 'weight_decay': 0.0003948627041383762, 'batch_size': 32}
  Best Value (CSI): 0.546044
  Best Trial: 41
  Best Parameters: {'d_main': 64, 'd_hidden': 64, 'n_blocks': 4, 'dropout': 0.3534494900064186, 'lr': 0.006451786774116068, 'weight_decay': 0.00010122734030283861, 'batch_size': 128}
================================================================================

  Fold 1 - 클래스별 가중치: {0: 1.2087619047619047, 1: 1.0665546218487394, 2: 0.8096453176830825} (클래스별 샘플 수: {0: 10500, 1: 11900, 2: 15676})
[I 2026-01-07 20:06:55,674] Trial 67 pruned. 

================================================================================
Trial 67 완료
  Value (CSI): 0.436632
  Parameters: {'d_main': 96, 'd_hidden': 192, 'n_blocks': 3, 'dropout': 0.34602427946457, 'lr': 0.007824075633707843, 'weight_decay': 0.0005694654431517111, 'batch_size': 256}
  Best Value (CSI): 0.546044
  Best Trial: 41
  Best Parameters: {'d_main': 64, 'd_hidden': 64, 'n_blocks': 4, 'dropout': 0.3534494900064186, 'lr': 0.006451786774116068, 'weight_decay': 0.00010122734030283861, 'batch_size': 128}
================================================================================

  Fold 1 - 클래스별 가중치: {0: 1.2087619047619047, 1: 1.0665546218487394, 2: 0.8096453176830825} (클래스별 샘플 수: {0: 10500, 1: 11900, 2: 15676})
[I 2026-01-07 20:07:01,511] Trial 68 pruned. 

================================================================================
Trial 68 완료
  Value (CSI): 0.445891
  Parameters: {'d_main': 128, 'd_hidden': 128, 'n_blocks': 2, 'dropout': 0.3998875159107192, 'lr': 0.004982555507480932, 'weight_decay': 0.0002631033828053628, 'batch_size': 128}
  Best Value (CSI): 0.546044
  Best Trial: 41
  Best Parameters: {'d_main': 64, 'd_hidden': 64, 'n_blocks': 4, 'dropout': 0.3534494900064186, 'lr': 0.006451786774116068, 'weight_decay': 0.00010122734030283861, 'batch_size': 128}
================================================================================

  Fold 1 - 클래스별 가중치: {0: 1.2087619047619047, 1: 1.0665546218487394, 2: 0.8096453176830825} (클래스별 샘플 수: {0: 10500, 1: 11900, 2: 15676})
  Fold 2 - 클래스별 가중치: {0: 1.207079365079365, 1: 1.0832763532763532, 2: 0.8010069729718342} (클래스별 샘플 수: {0: 10500, 1: 11700, 2: 15823})
[I 2026-01-07 20:07:18,405] Trial 69 pruned. 

================================================================================
Trial 69 완료
  Value (CSI): 0.566960
  Parameters: {'d_main': 64, 'd_hidden': 128, 'n_blocks': 2, 'dropout': 0.37971706736345223, 'lr': 0.009847320128548739, 'weight_decay': 0.0004605120193357622, 'batch_size': 256}
  Best Value (CSI): 0.546044
  Best Trial: 41
  Best Parameters: {'d_main': 64, 'd_hidden': 64, 'n_blocks': 4, 'dropout': 0.3534494900064186, 'lr': 0.006451786774116068, 'weight_decay': 0.00010122734030283861, 'batch_size': 128}
================================================================================

  Fold 1 - 클래스별 가중치: {0: 1.2087619047619047, 1: 1.0665546218487394, 2: 0.8096453176830825} (클래스별 샘플 수: {0: 10500, 1: 11900, 2: 15676})
[I 2026-01-07 20:07:29,018] Trial 70 pruned. 

================================================================================
Trial 70 완료
  Value (CSI): 0.450306
  Parameters: {'d_main': 96, 'd_hidden': 64, 'n_blocks': 2, 'dropout': 0.33553905493593617, 'lr': 0.006414396241357002, 'weight_decay': 0.0001941884302590034, 'batch_size': 128}
  Best Value (CSI): 0.546044
  Best Trial: 41
  Best Parameters: {'d_main': 64, 'd_hidden': 64, 'n_blocks': 4, 'dropout': 0.3534494900064186, 'lr': 0.006451786774116068, 'weight_decay': 0.00010122734030283861, 'batch_size': 128}
================================================================================

  Fold 1 - 클래스별 가중치: {0: 1.2087619047619047, 1: 1.0665546218487394, 2: 0.8096453176830825} (클래스별 샘플 수: {0: 10500, 1: 11900, 2: 15676})
[I 2026-01-07 20:07:42,208] Trial 71 pruned. 

================================================================================
Trial 71 완료
  Value (CSI): 0.436598
  Parameters: {'d_main': 192, 'd_hidden': 256, 'n_blocks': 4, 'dropout': 0.33104831098596066, 'lr': 0.0030093935410931533, 'weight_decay': 0.00014395481370877778, 'batch_size': 128}
  Best Value (CSI): 0.546044
  Best Trial: 41
  Best Parameters: {'d_main': 64, 'd_hidden': 64, 'n_blocks': 4, 'dropout': 0.3534494900064186, 'lr': 0.006451786774116068, 'weight_decay': 0.00010122734030283861, 'batch_size': 128}
================================================================================

  Fold 1 - 클래스별 가중치: {0: 1.2087619047619047, 1: 1.0665546218487394, 2: 0.8096453176830825} (클래스별 샘플 수: {0: 10500, 1: 11900, 2: 15676})
  Fold 2 - 클래스별 가중치: {0: 1.207079365079365, 1: 1.0832763532763532, 2: 0.8010069729718342} (클래스별 샘플 수: {0: 10500, 1: 11700, 2: 15823})
  Fold 3 - 클래스별 가중치: {0: 1.2086666666666666, 1: 1.0847008547008548, 2: 0.7995337995337995} (클래스별 샘플 수: {0: 10500, 1: 11700, 2: 15873})
[I 2026-01-07 20:08:30,251] Trial 72 finished with value: 0.5194130962541563 and parameters: {'d_main': 192, 'd_hidden': 256, 'n_blocks': 4, 'dropout': 0.3564187138267701, 'lr': 0.003794946730399327, 'weight_decay': 0.00012174351080624178, 'batch_size': 128}. Best is trial 41 with value: 0.5460440727191574.

================================================================================
Trial 72 완료
  Value (CSI): 0.519413
  Parameters: {'d_main': 192, 'd_hidden': 256, 'n_blocks': 4, 'dropout': 0.3564187138267701, 'lr': 0.003794946730399327, 'weight_decay': 0.00012174351080624178, 'batch_size': 128}
  Best Value (CSI): 0.546044
  Best Trial: 41
  Best Parameters: {'d_main': 64, 'd_hidden': 64, 'n_blocks': 4, 'dropout': 0.3534494900064186, 'lr': 0.006451786774116068, 'weight_decay': 0.00010122734030283861, 'batch_size': 128}
================================================================================

  Fold 1 - 클래스별 가중치: {0: 1.2087619047619047, 1: 1.0665546218487394, 2: 0.8096453176830825} (클래스별 샘플 수: {0: 10500, 1: 11900, 2: 15676})
[I 2026-01-07 20:08:37,357] Trial 73 pruned. 

================================================================================
Trial 73 완료
  Value (CSI): 0.431424
  Parameters: {'d_main': 160, 'd_hidden': 192, 'n_blocks': 4, 'dropout': 0.3663936536366799, 'lr': 0.004464113028953915, 'weight_decay': 0.0001579463890237248, 'batch_size': 128}
  Best Value (CSI): 0.546044
  Best Trial: 41
  Best Parameters: {'d_main': 64, 'd_hidden': 64, 'n_blocks': 4, 'dropout': 0.3534494900064186, 'lr': 0.006451786774116068, 'weight_decay': 0.00010122734030283861, 'batch_size': 128}
================================================================================

  Fold 1 - 클래스별 가중치: {0: 1.2087619047619047, 1: 1.0665546218487394, 2: 0.8096453176830825} (클래스별 샘플 수: {0: 10500, 1: 11900, 2: 15676})
[I 2026-01-07 20:08:43,824] Trial 74 pruned. 

================================================================================
Trial 74 완료
  Value (CSI): 0.387770
  Parameters: {'d_main': 192, 'd_hidden': 256, 'n_blocks': 4, 'dropout': 0.34579219166070646, 'lr': 0.00827928191584418, 'weight_decay': 0.00022928199452974853, 'batch_size': 128}
  Best Value (CSI): 0.546044
  Best Trial: 41
  Best Parameters: {'d_main': 64, 'd_hidden': 64, 'n_blocks': 4, 'dropout': 0.3534494900064186, 'lr': 0.006451786774116068, 'weight_decay': 0.00010122734030283861, 'batch_size': 128}
================================================================================

  Fold 1 - 클래스별 가중치: {0: 1.2087619047619047, 1: 1.0665546218487394, 2: 0.8096453176830825} (클래스별 샘플 수: {0: 10500, 1: 11900, 2: 15676})
[I 2026-01-07 20:08:55,133] Trial 75 pruned. 

================================================================================
Trial 75 완료
  Value (CSI): 0.397778
  Parameters: {'d_main': 224, 'd_hidden': 128, 'n_blocks': 4, 'dropout': 0.33544040276548803, 'lr': 0.0063714913496264935, 'weight_decay': 0.0007077907534064424, 'batch_size': 64}
  Best Value (CSI): 0.546044
  Best Trial: 41
  Best Parameters: {'d_main': 64, 'd_hidden': 64, 'n_blocks': 4, 'dropout': 0.3534494900064186, 'lr': 0.006451786774116068, 'weight_decay': 0.00010122734030283861, 'batch_size': 128}
================================================================================

  Fold 1 - 클래스별 가중치: {0: 1.2087619047619047, 1: 1.0665546218487394, 2: 0.8096453176830825} (클래스별 샘플 수: {0: 10500, 1: 11900, 2: 15676})
  Fold 2 - 클래스별 가중치: {0: 1.207079365079365, 1: 1.0832763532763532, 2: 0.8010069729718342} (클래스별 샘플 수: {0: 10500, 1: 11700, 2: 15823})
  Fold 3 - 클래스별 가중치: {0: 1.2086666666666666, 1: 1.0847008547008548, 2: 0.7995337995337995} (클래스별 샘플 수: {0: 10500, 1: 11700, 2: 15873})
[I 2026-01-07 20:09:34,533] Trial 76 finished with value: 0.5285052015690032 and parameters: {'d_main': 160, 'd_hidden': 64, 'n_blocks': 3, 'dropout': 0.31588129153881944, 'lr': 0.004473802294034494, 'weight_decay': 0.00036668273947333045, 'batch_size': 128}. Best is trial 41 with value: 0.5460440727191574.

================================================================================
Trial 76 완료
  Value (CSI): 0.528505
  Parameters: {'d_main': 160, 'd_hidden': 64, 'n_blocks': 3, 'dropout': 0.31588129153881944, 'lr': 0.004473802294034494, 'weight_decay': 0.00036668273947333045, 'batch_size': 128}
  Best Value (CSI): 0.546044
  Best Trial: 41
  Best Parameters: {'d_main': 64, 'd_hidden': 64, 'n_blocks': 4, 'dropout': 0.3534494900064186, 'lr': 0.006451786774116068, 'weight_decay': 0.00010122734030283861, 'batch_size': 128}
================================================================================

  Fold 1 - 클래스별 가중치: {0: 1.2087619047619047, 1: 1.0665546218487394, 2: 0.8096453176830825} (클래스별 샘플 수: {0: 10500, 1: 11900, 2: 15676})
[I 2026-01-07 20:09:42,850] Trial 77 pruned. 

================================================================================
Trial 77 완료
  Value (CSI): 0.423409
  Parameters: {'d_main': 224, 'd_hidden': 192, 'n_blocks': 4, 'dropout': 0.392265462985633, 'lr': 0.00548075216161388, 'weight_decay': 0.000171652187182248, 'batch_size': 256}
  Best Value (CSI): 0.546044
  Best Trial: 41
  Best Parameters: {'d_main': 64, 'd_hidden': 64, 'n_blocks': 4, 'dropout': 0.3534494900064186, 'lr': 0.006451786774116068, 'weight_decay': 0.00010122734030283861, 'batch_size': 128}
================================================================================

  Fold 1 - 클래스별 가중치: {0: 1.2087619047619047, 1: 1.0665546218487394, 2: 0.8096453176830825} (클래스별 샘플 수: {0: 10500, 1: 11900, 2: 15676})
[I 2026-01-07 20:09:55,438] Trial 78 pruned. 

================================================================================
Trial 78 완료
  Value (CSI): 0.444819
  Parameters: {'d_main': 64, 'd_hidden': 128, 'n_blocks': 5, 'dropout': 0.3706107769905434, 'lr': 0.002592319455152944, 'weight_decay': 0.0001294999356700841, 'batch_size': 128}
  Best Value (CSI): 0.546044
  Best Trial: 41
  Best Parameters: {'d_main': 64, 'd_hidden': 64, 'n_blocks': 4, 'dropout': 0.3534494900064186, 'lr': 0.006451786774116068, 'weight_decay': 0.00010122734030283861, 'batch_size': 128}
================================================================================

  Fold 1 - 클래스별 가중치: {0: 1.2087619047619047, 1: 1.0665546218487394, 2: 0.8096453176830825} (클래스별 샘플 수: {0: 10500, 1: 11900, 2: 15676})
[I 2026-01-07 20:09:59,943] Trial 79 pruned. 

================================================================================
Trial 79 완료
  Value (CSI): 0.451266
  Parameters: {'d_main': 64, 'd_hidden': 64, 'n_blocks': 3, 'dropout': 0.37803624571966166, 'lr': 0.00842681945387541, 'weight_decay': 0.00030781037567909823, 'batch_size': 256}
  Best Value (CSI): 0.546044
  Best Trial: 41
  Best Parameters: {'d_main': 64, 'd_hidden': 64, 'n_blocks': 4, 'dropout': 0.3534494900064186, 'lr': 0.006451786774116068, 'weight_decay': 0.00010122734030283861, 'batch_size': 128}
================================================================================

  Fold 1 - 클래스별 가중치: {0: 1.2087619047619047, 1: 1.0665546218487394, 2: 0.8096453176830825} (클래스별 샘플 수: {0: 10500, 1: 11900, 2: 15676})
[I 2026-01-07 20:10:06,744] Trial 80 pruned. 

================================================================================
Trial 80 완료
  Value (CSI): 0.447528
  Parameters: {'d_main': 64, 'd_hidden': 128, 'n_blocks': 4, 'dropout': 0.3537714997609357, 'lr': 0.003649033837594593, 'weight_decay': 0.0002661296320499026, 'batch_size': 128}
  Best Value (CSI): 0.546044
  Best Trial: 41
  Best Parameters: {'d_main': 64, 'd_hidden': 64, 'n_blocks': 4, 'dropout': 0.3534494900064186, 'lr': 0.006451786774116068, 'weight_decay': 0.00010122734030283861, 'batch_size': 128}
================================================================================

  Fold 1 - 클래스별 가중치: {0: 1.2087619047619047, 1: 1.0665546218487394, 2: 0.8096453176830825} (클래스별 샘플 수: {0: 10500, 1: 11900, 2: 15676})
[I 2026-01-07 20:10:18,503] Trial 81 pruned. 

================================================================================
Trial 81 완료
  Value (CSI): 0.450801
  Parameters: {'d_main': 160, 'd_hidden': 64, 'n_blocks': 3, 'dropout': 0.31683967865630686, 'lr': 0.004636646301995908, 'weight_decay': 0.00036222083183041196, 'batch_size': 128}
  Best Value (CSI): 0.546044
  Best Trial: 41
  Best Parameters: {'d_main': 64, 'd_hidden': 64, 'n_blocks': 4, 'dropout': 0.3534494900064186, 'lr': 0.006451786774116068, 'weight_decay': 0.00010122734030283861, 'batch_size': 128}
================================================================================

  Fold 1 - 클래스별 가중치: {0: 1.2087619047619047, 1: 1.0665546218487394, 2: 0.8096453176830825} (클래스별 샘플 수: {0: 10500, 1: 11900, 2: 15676})
[I 2026-01-07 20:10:24,783] Trial 82 pruned. 

================================================================================
Trial 82 완료
  Value (CSI): 0.440326
  Parameters: {'d_main': 160, 'd_hidden': 64, 'n_blocks': 3, 'dropout': 0.32611275216390856, 'lr': 0.006516862132963102, 'weight_decay': 0.00011552037934629649, 'batch_size': 128}
  Best Value (CSI): 0.546044
  Best Trial: 41
  Best Parameters: {'d_main': 64, 'd_hidden': 64, 'n_blocks': 4, 'dropout': 0.3534494900064186, 'lr': 0.006451786774116068, 'weight_decay': 0.00010122734030283861, 'batch_size': 128}
================================================================================

  Fold 1 - 클래스별 가중치: {0: 1.2087619047619047, 1: 1.0665546218487394, 2: 0.8096453176830825} (클래스별 샘플 수: {0: 10500, 1: 11900, 2: 15676})
[I 2026-01-07 20:10:30,800] Trial 83 pruned. 

================================================================================
Trial 83 완료
  Value (CSI): 0.344961
  Parameters: {'d_main': 256, 'd_hidden': 64, 'n_blocks': 3, 'dropout': 0.3852384989704642, 'lr': 0.007094686781520109, 'weight_decay': 0.00047528731181931995, 'batch_size': 128}
  Best Value (CSI): 0.546044
  Best Trial: 41
  Best Parameters: {'d_main': 64, 'd_hidden': 64, 'n_blocks': 4, 'dropout': 0.3534494900064186, 'lr': 0.006451786774116068, 'weight_decay': 0.00010122734030283861, 'batch_size': 128}
================================================================================

  Fold 1 - 클래스별 가중치: {0: 1.2087619047619047, 1: 1.0665546218487394, 2: 0.8096453176830825} (클래스별 샘플 수: {0: 10500, 1: 11900, 2: 15676})
[I 2026-01-07 20:10:36,621] Trial 84 pruned. 

================================================================================
Trial 84 완료
  Value (CSI): 0.419435
  Parameters: {'d_main': 224, 'd_hidden': 64, 'n_blocks': 2, 'dropout': 0.307767348389832, 'lr': 0.0043817692213523, 'weight_decay': 0.00016607883336313168, 'batch_size': 128}
  Best Value (CSI): 0.546044
  Best Trial: 41
  Best Parameters: {'d_main': 64, 'd_hidden': 64, 'n_blocks': 4, 'dropout': 0.3534494900064186, 'lr': 0.006451786774116068, 'weight_decay': 0.00010122734030283861, 'batch_size': 128}
================================================================================

  Fold 1 - 클래스별 가중치: {0: 1.2087619047619047, 1: 1.0665546218487394, 2: 0.8096453176830825} (클래스별 샘플 수: {0: 10500, 1: 11900, 2: 15676})
[I 2026-01-07 20:10:49,447] Trial 85 pruned. 

================================================================================
Trial 85 완료
  Value (CSI): 0.459893
  Parameters: {'d_main': 64, 'd_hidden': 64, 'n_blocks': 4, 'dropout': 0.3395634353216851, 'lr': 0.002049306983746464, 'weight_decay': 0.00022997827517995373, 'batch_size': 128}
  Best Value (CSI): 0.546044
  Best Trial: 41
  Best Parameters: {'d_main': 64, 'd_hidden': 64, 'n_blocks': 4, 'dropout': 0.3534494900064186, 'lr': 0.006451786774116068, 'weight_decay': 0.00010122734030283861, 'batch_size': 128}
================================================================================

  Fold 1 - 클래스별 가중치: {0: 1.2087619047619047, 1: 1.0665546218487394, 2: 0.8096453176830825} (클래스별 샘플 수: {0: 10500, 1: 11900, 2: 15676})
[I 2026-01-07 20:11:05,652] Trial 86 pruned. 

================================================================================
Trial 86 완료
  Value (CSI): 0.220494
  Parameters: {'d_main': 192, 'd_hidden': 64, 'n_blocks': 3, 'dropout': 0.36335947363665644, 'lr': 0.008947830487681711, 'weight_decay': 0.00034786909390333904, 'batch_size': 32}
  Best Value (CSI): 0.546044
  Best Trial: 41
  Best Parameters: {'d_main': 64, 'd_hidden': 64, 'n_blocks': 4, 'dropout': 0.3534494900064186, 'lr': 0.006451786774116068, 'weight_decay': 0.00010122734030283861, 'batch_size': 128}
================================================================================

  Fold 1 - 클래스별 가중치: {0: 1.2087619047619047, 1: 1.0665546218487394, 2: 0.8096453176830825} (클래스별 샘플 수: {0: 10500, 1: 11900, 2: 15676})
[I 2026-01-07 20:11:09,878] Trial 87 pruned. 

================================================================================
Trial 87 완료
  Value (CSI): 0.442097
  Parameters: {'d_main': 64, 'd_hidden': 64, 'n_blocks': 2, 'dropout': 0.29511498072412756, 'lr': 0.005539757343644167, 'weight_decay': 0.0001184567258806073, 'batch_size': 256}
  Best Value (CSI): 0.546044
  Best Trial: 41
  Best Parameters: {'d_main': 64, 'd_hidden': 64, 'n_blocks': 4, 'dropout': 0.3534494900064186, 'lr': 0.006451786774116068, 'weight_decay': 0.00010122734030283861, 'batch_size': 128}
================================================================================

  Fold 1 - 클래스별 가중치: {0: 1.2087619047619047, 1: 1.0665546218487394, 2: 0.8096453176830825} (클래스별 샘플 수: {0: 10500, 1: 11900, 2: 15676})
[I 2026-01-07 20:11:20,592] Trial 88 pruned. 

================================================================================
Trial 88 완료
  Value (CSI): 0.442969
  Parameters: {'d_main': 96, 'd_hidden': 128, 'n_blocks': 3, 'dropout': 0.3433992645431746, 'lr': 0.0034187226683562535, 'weight_decay': 0.0002093179174681839, 'batch_size': 128}
  Best Value (CSI): 0.546044
  Best Trial: 41
  Best Parameters: {'d_main': 64, 'd_hidden': 64, 'n_blocks': 4, 'dropout': 0.3534494900064186, 'lr': 0.006451786774116068, 'weight_decay': 0.00010122734030283861, 'batch_size': 128}
================================================================================

  Fold 1 - 클래스별 가중치: {0: 1.2087619047619047, 1: 1.0665546218487394, 2: 0.8096453176830825} (클래스별 샘플 수: {0: 10500, 1: 11900, 2: 15676})
[I 2026-01-07 20:11:27,899] Trial 89 pruned. 

================================================================================
Trial 89 완료
  Value (CSI): 0.440195
  Parameters: {'d_main': 128, 'd_hidden': 64, 'n_blocks': 2, 'dropout': 0.31363486230482696, 'lr': 0.007269498588986902, 'weight_decay': 0.00015042769789505548, 'batch_size': 256}
  Best Value (CSI): 0.546044
  Best Trial: 41
  Best Parameters: {'d_main': 64, 'd_hidden': 64, 'n_blocks': 4, 'dropout': 0.3534494900064186, 'lr': 0.006451786774116068, 'weight_decay': 0.00010122734030283861, 'batch_size': 128}
================================================================================

  Fold 1 - 클래스별 가중치: {0: 1.2087619047619047, 1: 1.0665546218487394, 2: 0.8096453176830825} (클래스별 샘플 수: {0: 10500, 1: 11900, 2: 15676})
[I 2026-01-07 20:11:36,304] Trial 90 pruned. 

================================================================================
Trial 90 완료
  Value (CSI): 0.382801
  Parameters: {'d_main': 64, 'd_hidden': 128, 'n_blocks': 2, 'dropout': 0.32737256230591233, 'lr': 0.008418884001690129, 'weight_decay': 0.00042598996383100117, 'batch_size': 64}
  Best Value (CSI): 0.546044
  Best Trial: 41
  Best Parameters: {'d_main': 64, 'd_hidden': 64, 'n_blocks': 4, 'dropout': 0.3534494900064186, 'lr': 0.006451786774116068, 'weight_decay': 0.00010122734030283861, 'batch_size': 128}
================================================================================

  Fold 1 - 클래스별 가중치: {0: 1.2087619047619047, 1: 1.0665546218487394, 2: 0.8096453176830825} (클래스별 샘플 수: {0: 10500, 1: 11900, 2: 15676})
[I 2026-01-07 20:11:43,386] Trial 91 pruned. 

================================================================================
Trial 91 완료
  Value (CSI): 0.404537
  Parameters: {'d_main': 192, 'd_hidden': 256, 'n_blocks': 4, 'dropout': 0.3585895602655883, 'lr': 0.003705473524244463, 'weight_decay': 0.00010127531917834597, 'batch_size': 128}
  Best Value (CSI): 0.546044
  Best Trial: 41
  Best Parameters: {'d_main': 64, 'd_hidden': 64, 'n_blocks': 4, 'dropout': 0.3534494900064186, 'lr': 0.006451786774116068, 'weight_decay': 0.00010122734030283861, 'batch_size': 128}
================================================================================

  Fold 1 - 클래스별 가중치: {0: 1.2087619047619047, 1: 1.0665546218487394, 2: 0.8096453176830825} (클래스별 샘플 수: {0: 10500, 1: 11900, 2: 15676})
[I 2026-01-07 20:11:49,889] Trial 92 pruned. 

================================================================================
Trial 92 완료
  Value (CSI): 0.415721
  Parameters: {'d_main': 192, 'd_hidden': 256, 'n_blocks': 4, 'dropout': 0.3584978504078941, 'lr': 0.005628973821635843, 'weight_decay': 0.0001372975952259042, 'batch_size': 128}
  Best Value (CSI): 0.546044
  Best Trial: 41
  Best Parameters: {'d_main': 64, 'd_hidden': 64, 'n_blocks': 4, 'dropout': 0.3534494900064186, 'lr': 0.006451786774116068, 'weight_decay': 0.00010122734030283861, 'batch_size': 128}
================================================================================

  Fold 1 - 클래스별 가중치: {0: 1.2087619047619047, 1: 1.0665546218487394, 2: 0.8096453176830825} (클래스별 샘플 수: {0: 10500, 1: 11900, 2: 15676})
[I 2026-01-07 20:11:57,035] Trial 93 pruned. 

================================================================================
Trial 93 완료
  Value (CSI): 0.403933
  Parameters: {'d_main': 224, 'd_hidden': 256, 'n_blocks': 4, 'dropout': 0.3494580353414896, 'lr': 0.004263469824090594, 'weight_decay': 0.00011863488344019607, 'batch_size': 128}
  Best Value (CSI): 0.546044
  Best Trial: 41
  Best Parameters: {'d_main': 64, 'd_hidden': 64, 'n_blocks': 4, 'dropout': 0.3534494900064186, 'lr': 0.006451786774116068, 'weight_decay': 0.00010122734030283861, 'batch_size': 128}
================================================================================

  Fold 1 - 클래스별 가중치: {0: 1.2087619047619047, 1: 1.0665546218487394, 2: 0.8096453176830825} (클래스별 샘플 수: {0: 10500, 1: 11900, 2: 15676})
[I 2026-01-07 20:12:04,244] Trial 94 pruned. 

================================================================================
Trial 94 완료
  Value (CSI): 0.390870
  Parameters: {'d_main': 192, 'd_hidden': 256, 'n_blocks': 4, 'dropout': 0.3938773472952384, 'lr': 0.004998344194749255, 'weight_decay': 0.000186109548451023, 'batch_size': 128}
  Best Value (CSI): 0.546044
  Best Trial: 41
  Best Parameters: {'d_main': 64, 'd_hidden': 64, 'n_blocks': 4, 'dropout': 0.3534494900064186, 'lr': 0.006451786774116068, 'weight_decay': 0.00010122734030283861, 'batch_size': 128}
================================================================================

  Fold 1 - 클래스별 가중치: {0: 1.2087619047619047, 1: 1.0665546218487394, 2: 0.8096453176830825} (클래스별 샘플 수: {0: 10500, 1: 11900, 2: 15676})
[I 2026-01-07 20:12:11,385] Trial 95 pruned. 

================================================================================
Trial 95 완료
  Value (CSI): 0.411126
  Parameters: {'d_main': 160, 'd_hidden': 256, 'n_blocks': 4, 'dropout': 0.3797908447799001, 'lr': 0.00731211342286334, 'weight_decay': 0.00012157078859858613, 'batch_size': 128}
  Best Value (CSI): 0.546044
  Best Trial: 41
  Best Parameters: {'d_main': 64, 'd_hidden': 64, 'n_blocks': 4, 'dropout': 0.3534494900064186, 'lr': 0.006451786774116068, 'weight_decay': 0.00010122734030283861, 'batch_size': 128}
================================================================================

  Fold 1 - 클래스별 가중치: {0: 1.2087619047619047, 1: 1.0665546218487394, 2: 0.8096453176830825} (클래스별 샘플 수: {0: 10500, 1: 11900, 2: 15676})
[I 2026-01-07 20:12:21,080] Trial 96 pruned. 

================================================================================
Trial 96 완료
  Value (CSI): 0.459276
  Parameters: {'d_main': 64, 'd_hidden': 256, 'n_blocks': 5, 'dropout': 0.3212453397951529, 'lr': 0.008927434229652548, 'weight_decay': 0.00028759816474178973, 'batch_size': 256}
  Best Value (CSI): 0.546044
  Best Trial: 41
  Best Parameters: {'d_main': 64, 'd_hidden': 64, 'n_blocks': 4, 'dropout': 0.3534494900064186, 'lr': 0.006451786774116068, 'weight_decay': 0.00010122734030283861, 'batch_size': 128}
================================================================================

  Fold 1 - 클래스별 가중치: {0: 1.2087619047619047, 1: 1.0665546218487394, 2: 0.8096453176830825} (클래스별 샘플 수: {0: 10500, 1: 11900, 2: 15676})
[I 2026-01-07 20:12:27,698] Trial 97 pruned. 

================================================================================
Trial 97 완료
  Value (CSI): 0.411262
  Parameters: {'d_main': 192, 'd_hidden': 192, 'n_blocks': 3, 'dropout': 0.3698216421352443, 'lr': 0.006045054516845225, 'weight_decay': 0.0001585104295520928, 'batch_size': 128}
  Best Value (CSI): 0.546044
  Best Trial: 41
  Best Parameters: {'d_main': 64, 'd_hidden': 64, 'n_blocks': 4, 'dropout': 0.3534494900064186, 'lr': 0.006451786774116068, 'weight_decay': 0.00010122734030283861, 'batch_size': 128}
================================================================================

  Fold 1 - 클래스별 가중치: {0: 1.2087619047619047, 1: 1.0665546218487394, 2: 0.8096453176830825} (클래스별 샘플 수: {0: 10500, 1: 11900, 2: 15676})
  Fold 2 - 클래스별 가중치: {0: 1.207079365079365, 1: 1.0832763532763532, 2: 0.8010069729718342} (클래스별 샘플 수: {0: 10500, 1: 11700, 2: 15823})
  Fold 3 - 클래스별 가중치: {0: 1.2086666666666666, 1: 1.0847008547008548, 2: 0.7995337995337995} (클래스별 샘플 수: {0: 10500, 1: 11700, 2: 15873})
[I 2026-01-07 20:13:01,955] Trial 98 finished with value: 0.5319047738928262 and parameters: {'d_main': 64, 'd_hidden': 64, 'n_blocks': 2, 'dropout': 0.35746815471211824, 'lr': 0.003001388423434131, 'weight_decay': 0.00021421692802735414, 'batch_size': 128}. Best is trial 41 with value: 0.5460440727191574.

================================================================================
Trial 98 완료
  Value (CSI): 0.531905
  Parameters: {'d_main': 64, 'd_hidden': 64, 'n_blocks': 2, 'dropout': 0.35746815471211824, 'lr': 0.003001388423434131, 'weight_decay': 0.00021421692802735414, 'batch_size': 128}
  Best Value (CSI): 0.546044
  Best Trial: 41
  Best Parameters: {'d_main': 64, 'd_hidden': 64, 'n_blocks': 4, 'dropout': 0.3534494900064186, 'lr': 0.006451786774116068, 'weight_decay': 0.00010122734030283861, 'batch_size': 128}
================================================================================

  Fold 1 - 클래스별 가중치: {0: 1.2087619047619047, 1: 1.0665546218487394, 2: 0.8096453176830825} (클래스별 샘플 수: {0: 10500, 1: 11900, 2: 15676})
[I 2026-01-07 20:13:09,104] Trial 99 pruned. 

================================================================================
Trial 99 완료
  Value (CSI): 0.431918
  Parameters: {'d_main': 64, 'd_hidden': 64, 'n_blocks': 2, 'dropout': 0.3401281137074986, 'lr': 0.009865537401659024, 'weight_decay': 0.0002409104152433939, 'batch_size': 256}
  Best Value (CSI): 0.546044
  Best Trial: 41
  Best Parameters: {'d_main': 64, 'd_hidden': 64, 'n_blocks': 4, 'dropout': 0.3534494900064186, 'lr': 0.006451786774116068, 'weight_decay': 0.00010122734030283861, 'batch_size': 128}
================================================================================


최적화 완료.
Best CSI Score: 0.5460
Best Hyperparameters: {'d_main': 64, 'd_hidden': 64, 'n_blocks': 4, 'dropout': 0.3534494900064186, 'lr': 0.006451786774116068, 'weight_decay': 0.00010122734030283861, 'batch_size': 128}

최적화 과정 요약:
  - 총 시도 횟수: 100
  - 성공한 시도: 100
  - 최초 CSI: 0.4462
  - 최종 CSI: 0.4319
  - 최고 CSI: 0.5670
  - 최저 CSI: 0.2205
  - 평균 CSI: 0.4427

최적화 Study 객체가 /workspace/visibility_prediction/Analysis_code/optimization_history/deepgbm_smotenc_ctgan10000_seoul_trials.pkl에 저장되었습니다.

==================================================
최적화된 하이퍼파라미터로 최종 모델 학습 시작
==================================================
최종 모델 학습 시작...
Fold 1 학습 중...
  Early stopping at epoch 24, Best CSI: 0.4621
  Fold 1 학습 완료 (검증 CSI: 0.4621)
Fold 2 학습 중...
  Early stopping at epoch 37, Best CSI: 0.6042
  Fold 2 학습 완료 (검증 CSI: 0.6042)
Fold 3 학습 중...
  Early stopping at epoch 43, Best CSI: 0.5556
  Fold 3 학습 완료 (검증 CSI: 0.5556)

모든 모델 저장 완료: ../save_model/deepgbm_optima/deepgbm_smotenc_ctgan10000_seoul.pkl (총 3개 fold)
Scaler 저장 완료: ../save_model/deepgbm_optima/scaler/deepgbm_smotenc_ctgan10000_seoul_scaler.pkl (총 3개 fold)

최종 모델 학습 및 저장 완료!
저장된 모델 경로: ../save_model/deepgbm_optima/deepgbm_smotenc_ctgan10000_seoul.pkl

✓ 완료: deepgbm_smotenc_ctgan10000/deepgbm_smotenc_ctgan10000_seoul.py (소요 시간: 1723초)

==========================================
DeepGBM SMOTENC CTGAN10000 파일 실행 완료
종료 시간: 2026-01-07 20:14:06
총 소요 시간: 0시간 28분 43초
성공: 1개
실패: 0개
==========================================
